2024-04-24 21:42:51 [scrapy.utils.log] INFO: Scrapy 2.11.1 started (bot: zakupki)
2024-04-24 21:42:51 [scrapy.utils.log] INFO: Versions: lxml 5.2.1.0, libxml2 2.12.6, cssselect 1.2.0, parsel 1.9.1, w3lib 2.1.2, Twisted 24.3.0, Python 3.8.10 (default, Nov 22 2023, 10:22:35) - [GCC 9.4.0], pyOpenSSL 24.1.0 (OpenSSL 3.2.1 30 Jan 2024), cryptography 42.0.5, Platform Linux-5.15.0-92-generic-x86_64-with-glibc2.29
2024-04-24 21:42:51 [scrapy.addons] INFO: Enabled addons:
[]
2024-04-24 21:42:51 [scrapy.extensions.telnet] INFO: Telnet Password: 49f99eff60eceeb5
2024-04-24 21:42:51 [scrapy.middleware] INFO: Enabled extensions:
['scrapy.extensions.corestats.CoreStats',
 'scrapy.extensions.telnet.TelnetConsole',
 'scrapy.extensions.memusage.MemoryUsage',
 'scrapy.extensions.feedexport.FeedExporter',
 'scrapy.extensions.logstats.LogStats']
2024-04-24 21:42:51 [scrapy.crawler] INFO: Overridden settings:
{'BOT_NAME': 'zakupki',
 'CONCURRENT_REQUESTS_PER_DOMAIN': 1,
 'COOKIES_DEBUG': True,
 'DOWNLOAD_DELAY': 5,
 'HTTPCACHE_ENABLED': True,
 'LOG_FILE': '%(name)s-%(time)s.log',
 'LOG_LEVEL': 'INFO',
 'NEWSPIDER_MODULE': 'zakupki.spiders',
 'REQUEST_FINGERPRINTER_IMPLEMENTATION': '2.7',
 'SPIDER_MODULES': ['zakupki.spiders'],
 'TWISTED_REACTOR': 'twisted.internet.asyncioreactor.AsyncioSelectorReactor',
 'USER_AGENT': ('Mozilla/5.0 (Windows NT 10.0; Win64; x64) AppleWebKit/537.36 '
                '(KHTML, like Gecko) Chrome/120.0.0.0 Safari/537.36',)}
2024-04-24 21:42:51 [scrapy.middleware] INFO: Enabled downloader middlewares:
['scrapy.downloadermiddlewares.httpauth.HttpAuthMiddleware',
 'scrapy.downloadermiddlewares.downloadtimeout.DownloadTimeoutMiddleware',
 'scrapy.downloadermiddlewares.defaultheaders.DefaultHeadersMiddleware',
 'scrapy.downloadermiddlewares.useragent.UserAgentMiddleware',
 'scrapy.downloadermiddlewares.retry.RetryMiddleware',
 'scrapy.downloadermiddlewares.redirect.MetaRefreshMiddleware',
 'scrapy.downloadermiddlewares.httpcompression.HttpCompressionMiddleware',
 'scrapy.downloadermiddlewares.redirect.RedirectMiddleware',
 'scrapy.downloadermiddlewares.cookies.CookiesMiddleware',
 'zakupki.middlewares.ZakupkiProxyDownloaderMiddleware',
 'scrapy.downloadermiddlewares.httpproxy.HttpProxyMiddleware',
 'scrapy.downloadermiddlewares.stats.DownloaderStats',
 'scrapy.downloadermiddlewares.httpcache.HttpCacheMiddleware']
2024-04-24 21:42:51 [scrapy.middleware] INFO: Enabled spider middlewares:
['scrapy.spidermiddlewares.httperror.HttpErrorMiddleware',
 'scrapy.spidermiddlewares.offsite.OffsiteMiddleware',
 'zakupki.middlewares.ZakupkiSpiderMiddleware',
 'scrapy.spidermiddlewares.referer.RefererMiddleware',
 'scrapy.spidermiddlewares.urllength.UrlLengthMiddleware',
 'scrapy.spidermiddlewares.depth.DepthMiddleware']
2024-04-24 21:42:51 [scrapy.middleware] INFO: Enabled item pipelines:
['zakupki.pipelines.ZakupkiCleanValuePipeline',
 'zakupki.pipelines.ZakupkiAbsolutUrlsPeipeline',
 'zakupki.pipelines.ZakupkiRemoveNotUsedPeipeline']
2024-04-24 21:42:51 [scrapy.core.engine] INFO: Spider opened
2024-04-24 21:42:51 [scrapy.extensions.logstats] INFO: Crawled 0 pages (at 0 pages/min), scraped 0 items (at 0 items/min)
2024-04-24 21:42:51 [zakupki] INFO: Spider opened: zakupki
2024-04-24 21:42:51 [scrapy.extensions.telnet] INFO: Telnet console listening on 127.0.0.1:6023
2024-04-24 21:42:51 [scrapy.core.engine] INFO: Closing spider (finished)
2024-04-24 21:42:51 [scrapy.extensions.feedexport] INFO: Stored json feed (10 items) in: feed/zakupki-2024-04-24T18-42-51+00-00.items.json
2024-04-24 21:42:51 [scrapy.extensions.feedexport] INFO: Stored xml feed (10 items) in: feed/zakupki.items.xml
2024-04-24 21:42:51 [scrapy.extensions.feedexport] INFO: Stored csv feed (10 items) in: file:///home/dima/python/projects/scraping-tests/scraping-test1/SctapyProjects/zakupki/feed/zakupki.items.csv.gz
2024-04-24 21:42:51 [scrapy.statscollectors] INFO: Dumping Scrapy stats:
{'downloader/request_bytes': 1025,
 'downloader/request_count': 1,
 'downloader/request_method_count/GET': 1,
 'downloader/response_bytes': 42039,
 'downloader/response_count': 1,
 'downloader/response_status_count/200': 1,
 'elapsed_time_seconds': 0.159398,
 'feedexport/success_count/FileFeedStorage': 3,
 'finish_reason': 'finished',
 'finish_time': datetime.datetime(2024, 4, 24, 18, 42, 51, 705539, tzinfo=datetime.timezone.utc),
 'httpcache/hit': 1,
 'httpcompression/response_bytes': 364608,
 'httpcompression/response_count': 1,
 'item_scraped_count': 10,
 'log_count/INFO': 14,
 'memusage/max': 59875328,
 'memusage/startup': 59875328,
 'response_received_count': 1,
 'scheduler/dequeued': 1,
 'scheduler/dequeued/memory': 1,
 'scheduler/enqueued': 1,
 'scheduler/enqueued/memory': 1,
 'start_time': datetime.datetime(2024, 4, 24, 18, 42, 51, 546141, tzinfo=datetime.timezone.utc)}
2024-04-24 21:42:51 [scrapy.core.engine] INFO: Spider closed (finished)
2024-04-24 21:52:49 [scrapy.utils.log] INFO: Scrapy 2.11.1 started (bot: zakupki)
2024-04-24 21:52:49 [scrapy.utils.log] INFO: Versions: lxml 5.2.1.0, libxml2 2.12.6, cssselect 1.2.0, parsel 1.9.1, w3lib 2.1.2, Twisted 24.3.0, Python 3.8.10 (default, Nov 22 2023, 10:22:35) - [GCC 9.4.0], pyOpenSSL 24.1.0 (OpenSSL 3.2.1 30 Jan 2024), cryptography 42.0.5, Platform Linux-5.15.0-92-generic-x86_64-with-glibc2.29
2024-04-24 21:52:49 [scrapy.addons] INFO: Enabled addons:
[]
2024-04-24 21:52:49 [scrapy.extensions.telnet] INFO: Telnet Password: ead37fcc70a1d077
2024-04-24 21:52:49 [scrapy.middleware] INFO: Enabled extensions:
['scrapy.extensions.corestats.CoreStats',
 'scrapy.extensions.telnet.TelnetConsole',
 'scrapy.extensions.memusage.MemoryUsage',
 'scrapy.extensions.feedexport.FeedExporter',
 'scrapy.extensions.logstats.LogStats']
2024-04-24 21:52:49 [scrapy.crawler] INFO: Overridden settings:
{'BOT_NAME': 'zakupki',
 'CONCURRENT_REQUESTS_PER_DOMAIN': 1,
 'COOKIES_DEBUG': True,
 'DOWNLOAD_DELAY': 5,
 'HTTPCACHE_ENABLED': True,
 'LOG_FILE': '%(name)s-%(time)s.log',
 'LOG_LEVEL': 'INFO',
 'NEWSPIDER_MODULE': 'zakupki.spiders',
 'REQUEST_FINGERPRINTER_IMPLEMENTATION': '2.7',
 'SPIDER_MODULES': ['zakupki.spiders'],
 'TWISTED_REACTOR': 'twisted.internet.asyncioreactor.AsyncioSelectorReactor',
 'USER_AGENT': ('Mozilla/5.0 (Windows NT 10.0; Win64; x64) AppleWebKit/537.36 '
                '(KHTML, like Gecko) Chrome/120.0.0.0 Safari/537.36',)}
2024-04-24 21:52:49 [scrapy.middleware] INFO: Enabled downloader middlewares:
['scrapy.downloadermiddlewares.httpauth.HttpAuthMiddleware',
 'scrapy.downloadermiddlewares.downloadtimeout.DownloadTimeoutMiddleware',
 'scrapy.downloadermiddlewares.defaultheaders.DefaultHeadersMiddleware',
 'scrapy.downloadermiddlewares.useragent.UserAgentMiddleware',
 'scrapy.downloadermiddlewares.retry.RetryMiddleware',
 'scrapy.downloadermiddlewares.redirect.MetaRefreshMiddleware',
 'scrapy.downloadermiddlewares.httpcompression.HttpCompressionMiddleware',
 'scrapy.downloadermiddlewares.redirect.RedirectMiddleware',
 'scrapy.downloadermiddlewares.cookies.CookiesMiddleware',
 'zakupki.middlewares.ZakupkiProxyDownloaderMiddleware',
 'scrapy.downloadermiddlewares.httpproxy.HttpProxyMiddleware',
 'scrapy.downloadermiddlewares.stats.DownloaderStats',
 'scrapy.downloadermiddlewares.httpcache.HttpCacheMiddleware']
2024-04-24 21:52:49 [scrapy.middleware] INFO: Enabled spider middlewares:
['scrapy.spidermiddlewares.httperror.HttpErrorMiddleware',
 'scrapy.spidermiddlewares.offsite.OffsiteMiddleware',
 'zakupki.middlewares.ZakupkiSpiderMiddleware',
 'scrapy.spidermiddlewares.referer.RefererMiddleware',
 'scrapy.spidermiddlewares.urllength.UrlLengthMiddleware',
 'scrapy.spidermiddlewares.depth.DepthMiddleware']
2024-04-24 21:52:49 [scrapy.middleware] INFO: Enabled item pipelines:
['zakupki.pipelines.ZakupkiCleanValuePipeline',
 'zakupki.pipelines.ZakupkiRemoveNotUsedPeipeline']
2024-04-24 21:52:49 [scrapy.core.engine] INFO: Spider opened
2024-04-24 21:52:49 [scrapy.extensions.logstats] INFO: Crawled 0 pages (at 0 pages/min), scraped 0 items (at 0 items/min)
2024-04-24 21:52:49 [zakupki] INFO: Spider opened: zakupki
2024-04-24 21:52:49 [scrapy.extensions.telnet] INFO: Telnet console listening on 127.0.0.1:6023
2024-04-24 21:52:49 [scrapy.core.scraper] ERROR: Error processing {'date': 'Wed, 24 Apr 2024 18:52:49 +0000',
 'fz': '44-ФЗ Электронный аукцион',
 'organization_type': 'Заказчик',
 'p_object': 'Поставка инструмента',
 'reg_num': '№ 0338100000224000025',
 'reg_num_href': 'https://zakupki.gov.ru/epz/order/notice/ea20/view/common-info.html?regNumber=0338100000224000025',
 'stage': 'Определение поставщика завершено'}
Traceback (most recent call last):
  File "/home/dima/python/projects/scraping-tests/scraping-test1/.venv/lib/python3.8/site-packages/twisted/internet/defer.py", line 1078, in _runCallbacks
    current.result = callback(  # type: ignore[misc]
  File "/home/dima/python/projects/scraping-tests/scraping-test1/.venv/lib/python3.8/site-packages/scrapy/utils/defer.py", line 340, in f
    return deferred_from_coro(coro_f(*coro_args, **coro_kwargs))
  File "/home/dima/python/projects/scraping-tests/scraping-test1/SctapyProjects/zakupki/zakupki/pipelines.py", line 100, in process_item
    del adapter['url']
  File "/home/dima/python/projects/scraping-tests/scraping-test1/.venv/lib/python3.8/site-packages/itemadapter/adapter.py", line 338, in __delitem__
    self.adapter.__delitem__(field_name)
  File "/home/dima/python/projects/scraping-tests/scraping-test1/.venv/lib/python3.8/site-packages/itemadapter/adapter.py", line 226, in __delitem__
    del self.item[field_name]
  File "/home/dima/python/projects/scraping-tests/scraping-test1/.venv/lib/python3.8/site-packages/scrapy/item.py", line 88, in __delitem__
    del self._values[key]
KeyError: 'url'
2024-04-24 21:52:49 [scrapy.core.scraper] ERROR: Error processing {'date': 'Wed, 24 Apr 2024 18:52:49 +0000',
 'fz': '44-ФЗ Электронный аукцион',
 'organization_type': 'Заказчик',
 'p_object': 'Поставка ИМН',
 'reg_num': '№ 0338300019624000029',
 'reg_num_href': 'https://zakupki.gov.ru/epz/order/notice/ea20/view/common-info.html?regNumber=0338300019624000029',
 'stage': 'Определение поставщика завершено'}
Traceback (most recent call last):
  File "/home/dima/python/projects/scraping-tests/scraping-test1/.venv/lib/python3.8/site-packages/twisted/internet/defer.py", line 1078, in _runCallbacks
    current.result = callback(  # type: ignore[misc]
  File "/home/dima/python/projects/scraping-tests/scraping-test1/.venv/lib/python3.8/site-packages/scrapy/utils/defer.py", line 340, in f
    return deferred_from_coro(coro_f(*coro_args, **coro_kwargs))
  File "/home/dima/python/projects/scraping-tests/scraping-test1/SctapyProjects/zakupki/zakupki/pipelines.py", line 100, in process_item
    del adapter['url']
  File "/home/dima/python/projects/scraping-tests/scraping-test1/.venv/lib/python3.8/site-packages/itemadapter/adapter.py", line 338, in __delitem__
    self.adapter.__delitem__(field_name)
  File "/home/dima/python/projects/scraping-tests/scraping-test1/.venv/lib/python3.8/site-packages/itemadapter/adapter.py", line 226, in __delitem__
    del self.item[field_name]
  File "/home/dima/python/projects/scraping-tests/scraping-test1/.venv/lib/python3.8/site-packages/scrapy/item.py", line 88, in __delitem__
    del self._values[key]
KeyError: 'url'
2024-04-24 21:52:49 [scrapy.core.scraper] ERROR: Error processing {'date': 'Wed, 24 Apr 2024 18:52:49 +0000',
 'fz': '44-ФЗ Электронный аукцион',
 'organization_type': 'Заказчик',
 'p_object': 'Поставка запасных частей для транспортных средств',
 'reg_num': '№ 0338100000224000024',
 'reg_num_href': 'https://zakupki.gov.ru/epz/order/notice/ea20/view/common-info.html?regNumber=0338100000224000024',
 'stage': 'Определение поставщика завершено'}
Traceback (most recent call last):
  File "/home/dima/python/projects/scraping-tests/scraping-test1/.venv/lib/python3.8/site-packages/twisted/internet/defer.py", line 1078, in _runCallbacks
    current.result = callback(  # type: ignore[misc]
  File "/home/dima/python/projects/scraping-tests/scraping-test1/.venv/lib/python3.8/site-packages/scrapy/utils/defer.py", line 340, in f
    return deferred_from_coro(coro_f(*coro_args, **coro_kwargs))
  File "/home/dima/python/projects/scraping-tests/scraping-test1/SctapyProjects/zakupki/zakupki/pipelines.py", line 100, in process_item
    del adapter['url']
  File "/home/dima/python/projects/scraping-tests/scraping-test1/.venv/lib/python3.8/site-packages/itemadapter/adapter.py", line 338, in __delitem__
    self.adapter.__delitem__(field_name)
  File "/home/dima/python/projects/scraping-tests/scraping-test1/.venv/lib/python3.8/site-packages/itemadapter/adapter.py", line 226, in __delitem__
    del self.item[field_name]
  File "/home/dima/python/projects/scraping-tests/scraping-test1/.venv/lib/python3.8/site-packages/scrapy/item.py", line 88, in __delitem__
    del self._values[key]
KeyError: 'url'
2024-04-24 21:52:49 [scrapy.core.scraper] ERROR: Error processing {'date': 'Wed, 24 Apr 2024 18:52:49 +0000',
 'fz': '44-ФЗ Электронный аукцион',
 'organization_type': 'Заказчик',
 'p_object': 'Поставка ИМН',
 'reg_num': '№ 0338300019624000028',
 'reg_num_href': 'https://zakupki.gov.ru/epz/order/notice/ea20/view/common-info.html?regNumber=0338300019624000028',
 'stage': 'Определение поставщика завершено'}
Traceback (most recent call last):
  File "/home/dima/python/projects/scraping-tests/scraping-test1/.venv/lib/python3.8/site-packages/twisted/internet/defer.py", line 1078, in _runCallbacks
    current.result = callback(  # type: ignore[misc]
  File "/home/dima/python/projects/scraping-tests/scraping-test1/.venv/lib/python3.8/site-packages/scrapy/utils/defer.py", line 340, in f
    return deferred_from_coro(coro_f(*coro_args, **coro_kwargs))
  File "/home/dima/python/projects/scraping-tests/scraping-test1/SctapyProjects/zakupki/zakupki/pipelines.py", line 100, in process_item
    del adapter['url']
  File "/home/dima/python/projects/scraping-tests/scraping-test1/.venv/lib/python3.8/site-packages/itemadapter/adapter.py", line 338, in __delitem__
    self.adapter.__delitem__(field_name)
  File "/home/dima/python/projects/scraping-tests/scraping-test1/.venv/lib/python3.8/site-packages/itemadapter/adapter.py", line 226, in __delitem__
    del self.item[field_name]
  File "/home/dima/python/projects/scraping-tests/scraping-test1/.venv/lib/python3.8/site-packages/scrapy/item.py", line 88, in __delitem__
    del self._values[key]
KeyError: 'url'
2024-04-24 21:52:49 [scrapy.core.scraper] ERROR: Error processing {'date': 'Wed, 24 Apr 2024 18:52:49 +0000',
 'fz': '44-ФЗ Запрос котировок в электронной форме',
 'organization_type': 'Заказчик',
 'p_object': 'Рубашки мужские',
 'reg_num': '№ 0338100001824000092',
 'reg_num_href': 'https://zakupki.gov.ru/epz/order/notice/zk20/view/common-info.html?regNumber=0338100001824000092',
 'stage': 'Подача заявок'}
Traceback (most recent call last):
  File "/home/dima/python/projects/scraping-tests/scraping-test1/.venv/lib/python3.8/site-packages/twisted/internet/defer.py", line 1078, in _runCallbacks
    current.result = callback(  # type: ignore[misc]
  File "/home/dima/python/projects/scraping-tests/scraping-test1/.venv/lib/python3.8/site-packages/scrapy/utils/defer.py", line 340, in f
    return deferred_from_coro(coro_f(*coro_args, **coro_kwargs))
  File "/home/dima/python/projects/scraping-tests/scraping-test1/SctapyProjects/zakupki/zakupki/pipelines.py", line 100, in process_item
    del adapter['url']
  File "/home/dima/python/projects/scraping-tests/scraping-test1/.venv/lib/python3.8/site-packages/itemadapter/adapter.py", line 338, in __delitem__
    self.adapter.__delitem__(field_name)
  File "/home/dima/python/projects/scraping-tests/scraping-test1/.venv/lib/python3.8/site-packages/itemadapter/adapter.py", line 226, in __delitem__
    del self.item[field_name]
  File "/home/dima/python/projects/scraping-tests/scraping-test1/.venv/lib/python3.8/site-packages/scrapy/item.py", line 88, in __delitem__
    del self._values[key]
KeyError: 'url'
2024-04-24 21:52:49 [scrapy.core.scraper] ERROR: Error processing {'date': 'Wed, 24 Apr 2024 18:52:49 +0000',
 'fz': '44-ФЗ Электронный аукцион',
 'organization_type': 'Заказчик',
 'p_object': 'Оказание услуг по техническому обслуживанию источников '
             'бесперебойного питания',
 'reg_num': '№ 0338200009824000225',
 'reg_num_href': 'https://zakupki.gov.ru/epz/order/notice/ea20/view/common-info.html?regNumber=0338200009824000225',
 'stage': 'Подача заявок'}
Traceback (most recent call last):
  File "/home/dima/python/projects/scraping-tests/scraping-test1/.venv/lib/python3.8/site-packages/twisted/internet/defer.py", line 1078, in _runCallbacks
    current.result = callback(  # type: ignore[misc]
  File "/home/dima/python/projects/scraping-tests/scraping-test1/.venv/lib/python3.8/site-packages/scrapy/utils/defer.py", line 340, in f
    return deferred_from_coro(coro_f(*coro_args, **coro_kwargs))
  File "/home/dima/python/projects/scraping-tests/scraping-test1/SctapyProjects/zakupki/zakupki/pipelines.py", line 100, in process_item
    del adapter['url']
  File "/home/dima/python/projects/scraping-tests/scraping-test1/.venv/lib/python3.8/site-packages/itemadapter/adapter.py", line 338, in __delitem__
    self.adapter.__delitem__(field_name)
  File "/home/dima/python/projects/scraping-tests/scraping-test1/.venv/lib/python3.8/site-packages/itemadapter/adapter.py", line 226, in __delitem__
    del self.item[field_name]
  File "/home/dima/python/projects/scraping-tests/scraping-test1/.venv/lib/python3.8/site-packages/scrapy/item.py", line 88, in __delitem__
    del self._values[key]
KeyError: 'url'
2024-04-24 21:52:49 [scrapy.core.scraper] ERROR: Error processing {'date': 'Wed, 24 Apr 2024 18:52:49 +0000',
 'fz': '44-ФЗ Электронный аукцион',
 'organization_type': 'Заказчик',
 'p_object': 'Приобретение и поставка офисной мебели для федеральных судов '
             'общей юрисдикции Чукотского автономного округа и Управления '
             'Судебного департамента в Чукотском автономном округе',
 'reg_num': '№ 0188100003024000024',
 'reg_num_href': 'https://zakupki.gov.ru/epz/order/notice/ea20/view/common-info.html?regNumber=0188100003024000024',
 'stage': 'Подача заявок'}
Traceback (most recent call last):
  File "/home/dima/python/projects/scraping-tests/scraping-test1/.venv/lib/python3.8/site-packages/twisted/internet/defer.py", line 1078, in _runCallbacks
    current.result = callback(  # type: ignore[misc]
  File "/home/dima/python/projects/scraping-tests/scraping-test1/.venv/lib/python3.8/site-packages/scrapy/utils/defer.py", line 340, in f
    return deferred_from_coro(coro_f(*coro_args, **coro_kwargs))
  File "/home/dima/python/projects/scraping-tests/scraping-test1/SctapyProjects/zakupki/zakupki/pipelines.py", line 100, in process_item
    del adapter['url']
  File "/home/dima/python/projects/scraping-tests/scraping-test1/.venv/lib/python3.8/site-packages/itemadapter/adapter.py", line 338, in __delitem__
    self.adapter.__delitem__(field_name)
  File "/home/dima/python/projects/scraping-tests/scraping-test1/.venv/lib/python3.8/site-packages/itemadapter/adapter.py", line 226, in __delitem__
    del self.item[field_name]
  File "/home/dima/python/projects/scraping-tests/scraping-test1/.venv/lib/python3.8/site-packages/scrapy/item.py", line 88, in __delitem__
    del self._values[key]
KeyError: 'url'
2024-04-24 21:52:49 [scrapy.core.scraper] ERROR: Error processing {'date': 'Wed, 24 Apr 2024 18:52:49 +0000',
 'fz': '44-ФЗ Электронный аукцион',
 'organization_type': 'Заказчик',
 'p_object': 'Оказание услуг физической охраны помещений и территории ГБУЗ '
             'КККВД',
 'reg_num': '№ 0338200009124000022',
 'reg_num_href': 'https://zakupki.gov.ru/epz/order/notice/ea20/view/common-info.html?regNumber=0338200009124000022',
 'stage': 'Подача заявок'}
Traceback (most recent call last):
  File "/home/dima/python/projects/scraping-tests/scraping-test1/.venv/lib/python3.8/site-packages/twisted/internet/defer.py", line 1078, in _runCallbacks
    current.result = callback(  # type: ignore[misc]
  File "/home/dima/python/projects/scraping-tests/scraping-test1/.venv/lib/python3.8/site-packages/scrapy/utils/defer.py", line 340, in f
    return deferred_from_coro(coro_f(*coro_args, **coro_kwargs))
  File "/home/dima/python/projects/scraping-tests/scraping-test1/SctapyProjects/zakupki/zakupki/pipelines.py", line 100, in process_item
    del adapter['url']
  File "/home/dima/python/projects/scraping-tests/scraping-test1/.venv/lib/python3.8/site-packages/itemadapter/adapter.py", line 338, in __delitem__
    self.adapter.__delitem__(field_name)
  File "/home/dima/python/projects/scraping-tests/scraping-test1/.venv/lib/python3.8/site-packages/itemadapter/adapter.py", line 226, in __delitem__
    del self.item[field_name]
  File "/home/dima/python/projects/scraping-tests/scraping-test1/.venv/lib/python3.8/site-packages/scrapy/item.py", line 88, in __delitem__
    del self._values[key]
KeyError: 'url'
2024-04-24 21:52:49 [scrapy.core.scraper] ERROR: Error processing {'date': 'Wed, 24 Apr 2024 18:52:49 +0000',
 'fz': '44-ФЗ Электронный аукцион',
 'organization_type': 'Заказчик',
 'p_object': 'На поставку лекарственного препарата Дулаглутид для медицинского '
             'применения в пользу граждан в целях их социального обеспечения',
 'reg_num': '№ 0338200013924000133',
 'reg_num_href': 'https://zakupki.gov.ru/epz/order/notice/ea20/view/common-info.html?regNumber=0338200013924000133',
 'stage': 'Подача заявок'}
Traceback (most recent call last):
  File "/home/dima/python/projects/scraping-tests/scraping-test1/.venv/lib/python3.8/site-packages/twisted/internet/defer.py", line 1078, in _runCallbacks
    current.result = callback(  # type: ignore[misc]
  File "/home/dima/python/projects/scraping-tests/scraping-test1/.venv/lib/python3.8/site-packages/scrapy/utils/defer.py", line 340, in f
    return deferred_from_coro(coro_f(*coro_args, **coro_kwargs))
  File "/home/dima/python/projects/scraping-tests/scraping-test1/SctapyProjects/zakupki/zakupki/pipelines.py", line 100, in process_item
    del adapter['url']
  File "/home/dima/python/projects/scraping-tests/scraping-test1/.venv/lib/python3.8/site-packages/itemadapter/adapter.py", line 338, in __delitem__
    self.adapter.__delitem__(field_name)
  File "/home/dima/python/projects/scraping-tests/scraping-test1/.venv/lib/python3.8/site-packages/itemadapter/adapter.py", line 226, in __delitem__
    del self.item[field_name]
  File "/home/dima/python/projects/scraping-tests/scraping-test1/.venv/lib/python3.8/site-packages/scrapy/item.py", line 88, in __delitem__
    del self._values[key]
KeyError: 'url'
2024-04-24 21:52:49 [scrapy.core.scraper] ERROR: Error processing {'date': 'Wed, 24 Apr 2024 18:52:49 +0000',
 'fz': '44-ФЗ Электронный аукцион',
 'organization_type': 'Заказчик',
 'p_object': 'Поставка снегоболотохода на шинах сверхнизкого давления для нужд '
             'Анадырского районного суда Чукотского автономного округа',
 'reg_num': '№ 0188100003024000027',
 'reg_num_href': 'https://zakupki.gov.ru/epz/order/notice/ea20/view/common-info.html?regNumber=0188100003024000027',
 'stage': 'Подача заявок'}
Traceback (most recent call last):
  File "/home/dima/python/projects/scraping-tests/scraping-test1/.venv/lib/python3.8/site-packages/twisted/internet/defer.py", line 1078, in _runCallbacks
    current.result = callback(  # type: ignore[misc]
  File "/home/dima/python/projects/scraping-tests/scraping-test1/.venv/lib/python3.8/site-packages/scrapy/utils/defer.py", line 340, in f
    return deferred_from_coro(coro_f(*coro_args, **coro_kwargs))
  File "/home/dima/python/projects/scraping-tests/scraping-test1/SctapyProjects/zakupki/zakupki/pipelines.py", line 100, in process_item
    del adapter['url']
  File "/home/dima/python/projects/scraping-tests/scraping-test1/.venv/lib/python3.8/site-packages/itemadapter/adapter.py", line 338, in __delitem__
    self.adapter.__delitem__(field_name)
  File "/home/dima/python/projects/scraping-tests/scraping-test1/.venv/lib/python3.8/site-packages/itemadapter/adapter.py", line 226, in __delitem__
    del self.item[field_name]
  File "/home/dima/python/projects/scraping-tests/scraping-test1/.venv/lib/python3.8/site-packages/scrapy/item.py", line 88, in __delitem__
    del self._values[key]
KeyError: 'url'
2024-04-24 21:52:49 [scrapy.core.engine] INFO: Closing spider (finished)
2024-04-24 21:52:49 [scrapy.extensions.feedexport] INFO: Stored xml feed (0 items) in: feed/zakupki.items.xml
2024-04-24 21:52:49 [scrapy.extensions.feedexport] INFO: Stored csv feed (0 items) in: file:///home/dima/python/projects/scraping-tests/scraping-test1/SctapyProjects/zakupki/feed/zakupki.items.csv.gz
2024-04-24 21:52:49 [scrapy.statscollectors] INFO: Dumping Scrapy stats:
{'downloader/request_bytes': 1025,
 'downloader/request_count': 1,
 'downloader/request_method_count/GET': 1,
 'downloader/response_bytes': 42039,
 'downloader/response_count': 1,
 'downloader/response_status_count/200': 1,
 'elapsed_time_seconds': 0.167155,
 'feedexport/success_count/FileFeedStorage': 2,
 'finish_reason': 'finished',
 'finish_time': datetime.datetime(2024, 4, 24, 18, 52, 49, 760700, tzinfo=datetime.timezone.utc),
 'httpcache/hit': 1,
 'httpcompression/response_bytes': 364608,
 'httpcompression/response_count': 1,
 'log_count/ERROR': 10,
 'log_count/INFO': 13,
 'memusage/max': 59359232,
 'memusage/startup': 59359232,
 'response_received_count': 1,
 'scheduler/dequeued': 1,
 'scheduler/dequeued/memory': 1,
 'scheduler/enqueued': 1,
 'scheduler/enqueued/memory': 1,
 'start_time': datetime.datetime(2024, 4, 24, 18, 52, 49, 593545, tzinfo=datetime.timezone.utc)}
2024-04-24 21:52:49 [scrapy.core.engine] INFO: Spider closed (finished)
2024-04-24 21:54:01 [scrapy.utils.log] INFO: Scrapy 2.11.1 started (bot: zakupki)
2024-04-24 21:54:01 [scrapy.utils.log] INFO: Versions: lxml 5.2.1.0, libxml2 2.12.6, cssselect 1.2.0, parsel 1.9.1, w3lib 2.1.2, Twisted 24.3.0, Python 3.8.10 (default, Nov 22 2023, 10:22:35) - [GCC 9.4.0], pyOpenSSL 24.1.0 (OpenSSL 3.2.1 30 Jan 2024), cryptography 42.0.5, Platform Linux-5.15.0-92-generic-x86_64-with-glibc2.29
2024-04-24 21:54:01 [scrapy.addons] INFO: Enabled addons:
[]
2024-04-24 21:54:01 [asyncio] DEBUG: Using selector: EpollSelector
2024-04-24 21:54:01 [scrapy.utils.log] DEBUG: Using reactor: twisted.internet.asyncioreactor.AsyncioSelectorReactor
2024-04-24 21:54:01 [scrapy.utils.log] DEBUG: Using asyncio event loop: asyncio.unix_events._UnixSelectorEventLoop
2024-04-24 21:54:01 [scrapy.extensions.telnet] INFO: Telnet Password: 48cdc58c5fdbb126
2024-04-24 21:54:01 [scrapy.middleware] INFO: Enabled extensions:
['scrapy.extensions.corestats.CoreStats',
 'scrapy.extensions.telnet.TelnetConsole',
 'scrapy.extensions.memusage.MemoryUsage',
 'scrapy.extensions.feedexport.FeedExporter',
 'scrapy.extensions.logstats.LogStats']
2024-04-24 21:54:01 [scrapy.crawler] INFO: Overridden settings:
{'BOT_NAME': 'zakupki',
 'CONCURRENT_REQUESTS_PER_DOMAIN': 1,
 'COOKIES_DEBUG': True,
 'DOWNLOAD_DELAY': 5,
 'HTTPCACHE_ENABLED': True,
 'LOG_FILE': '%(name)s-%(time)s.log',
 'NEWSPIDER_MODULE': 'zakupki.spiders',
 'REQUEST_FINGERPRINTER_IMPLEMENTATION': '2.7',
 'SPIDER_MODULES': ['zakupki.spiders'],
 'TWISTED_REACTOR': 'twisted.internet.asyncioreactor.AsyncioSelectorReactor',
 'USER_AGENT': ('Mozilla/5.0 (Windows NT 10.0; Win64; x64) AppleWebKit/537.36 '
                '(KHTML, like Gecko) Chrome/120.0.0.0 Safari/537.36',)}
2024-04-24 21:54:01 [scrapy.middleware] INFO: Enabled downloader middlewares:
['scrapy.downloadermiddlewares.httpauth.HttpAuthMiddleware',
 'scrapy.downloadermiddlewares.downloadtimeout.DownloadTimeoutMiddleware',
 'scrapy.downloadermiddlewares.defaultheaders.DefaultHeadersMiddleware',
 'scrapy.downloadermiddlewares.useragent.UserAgentMiddleware',
 'scrapy.downloadermiddlewares.retry.RetryMiddleware',
 'scrapy.downloadermiddlewares.redirect.MetaRefreshMiddleware',
 'scrapy.downloadermiddlewares.httpcompression.HttpCompressionMiddleware',
 'scrapy.downloadermiddlewares.redirect.RedirectMiddleware',
 'scrapy.downloadermiddlewares.cookies.CookiesMiddleware',
 'zakupki.middlewares.ZakupkiProxyDownloaderMiddleware',
 'scrapy.downloadermiddlewares.httpproxy.HttpProxyMiddleware',
 'scrapy.downloadermiddlewares.stats.DownloaderStats',
 'scrapy.downloadermiddlewares.httpcache.HttpCacheMiddleware']
2024-04-24 21:54:01 [scrapy.middleware] INFO: Enabled spider middlewares:
['scrapy.spidermiddlewares.httperror.HttpErrorMiddleware',
 'scrapy.spidermiddlewares.offsite.OffsiteMiddleware',
 'zakupki.middlewares.ZakupkiSpiderMiddleware',
 'scrapy.spidermiddlewares.referer.RefererMiddleware',
 'scrapy.spidermiddlewares.urllength.UrlLengthMiddleware',
 'scrapy.spidermiddlewares.depth.DepthMiddleware']
2024-04-24 21:54:01 [scrapy.middleware] INFO: Enabled item pipelines:
['zakupki.pipelines.ZakupkiCleanValuePipeline',
 'zakupki.pipelines.ZakupkiRemoveNotUsedPeipeline']
2024-04-24 21:54:01 [scrapy.core.engine] INFO: Spider opened
2024-04-24 21:54:01 [scrapy.extensions.logstats] INFO: Crawled 0 pages (at 0 pages/min), scraped 0 items (at 0 items/min)
2024-04-24 21:54:01 [scrapy.extensions.httpcache] DEBUG: Using filesystem cache storage in /home/dima/python/projects/scraping-tests/scraping-test1/SctapyProjects/zakupki/.scrapy/httpcache
2024-04-24 21:54:01 [zakupki] INFO: Spider opened: zakupki
2024-04-24 21:54:01 [scrapy.extensions.telnet] INFO: Telnet console listening on 127.0.0.1:6023
2024-04-24 21:54:01 [scrapy.core.engine] DEBUG: Crawled (200) <GET https://zakupki.gov.ru/epz/order/extendedsearch/results.html?morphology=on&search-filter=%D0%94%D0%B0%D1%82%D0%B5+%D1%80%D0%B0%D0%B7%D0%BC%D0%B5%D1%89%D0%B5%D0%BD%D0%B8%D1%8F&pageNumber=1&sortDirection=false&recordsPerPage=_10&showLotsInfoHidden=false&sortBy=UPDATE_DATE&fz44=on&fz223=on&af=on&ca=on&pc=on&pa=on&currencyIdGeneral=-1> (referer: None) ['cached']
2024-04-24 21:54:01 [scrapy.core.scraper] ERROR: Error processing {'date': 'Wed, 24 Apr 2024 18:54:01 +0000',
 'fz': '44-ФЗ Электронный аукцион',
 'organization_type': 'Заказчик',
 'p_object': 'Поставка инструмента',
 'reg_num': '№ 0338100000224000025',
 'reg_num_href': 'https://zakupki.gov.ru/epz/order/notice/ea20/view/common-info.html?regNumber=0338100000224000025',
 'stage': 'Определение поставщика завершено'}
Traceback (most recent call last):
  File "/home/dima/python/projects/scraping-tests/scraping-test1/.venv/lib/python3.8/site-packages/twisted/internet/defer.py", line 1078, in _runCallbacks
    current.result = callback(  # type: ignore[misc]
  File "/home/dima/python/projects/scraping-tests/scraping-test1/.venv/lib/python3.8/site-packages/scrapy/utils/defer.py", line 340, in f
    return deferred_from_coro(coro_f(*coro_args, **coro_kwargs))
  File "/home/dima/python/projects/scraping-tests/scraping-test1/SctapyProjects/zakupki/zakupki/pipelines.py", line 100, in process_item
    del adapter['url']
  File "/home/dima/python/projects/scraping-tests/scraping-test1/.venv/lib/python3.8/site-packages/itemadapter/adapter.py", line 338, in __delitem__
    self.adapter.__delitem__(field_name)
  File "/home/dima/python/projects/scraping-tests/scraping-test1/.venv/lib/python3.8/site-packages/itemadapter/adapter.py", line 226, in __delitem__
    del self.item[field_name]
  File "/home/dima/python/projects/scraping-tests/scraping-test1/.venv/lib/python3.8/site-packages/scrapy/item.py", line 88, in __delitem__
    del self._values[key]
KeyError: 'url'
2024-04-24 21:54:01 [scrapy.core.scraper] ERROR: Error processing {'date': 'Wed, 24 Apr 2024 18:54:01 +0000',
 'fz': '44-ФЗ Электронный аукцион',
 'organization_type': 'Заказчик',
 'p_object': 'Поставка ИМН',
 'reg_num': '№ 0338300019624000029',
 'reg_num_href': 'https://zakupki.gov.ru/epz/order/notice/ea20/view/common-info.html?regNumber=0338300019624000029',
 'stage': 'Определение поставщика завершено'}
Traceback (most recent call last):
  File "/home/dima/python/projects/scraping-tests/scraping-test1/.venv/lib/python3.8/site-packages/twisted/internet/defer.py", line 1078, in _runCallbacks
    current.result = callback(  # type: ignore[misc]
  File "/home/dima/python/projects/scraping-tests/scraping-test1/.venv/lib/python3.8/site-packages/scrapy/utils/defer.py", line 340, in f
    return deferred_from_coro(coro_f(*coro_args, **coro_kwargs))
  File "/home/dima/python/projects/scraping-tests/scraping-test1/SctapyProjects/zakupki/zakupki/pipelines.py", line 100, in process_item
    del adapter['url']
  File "/home/dima/python/projects/scraping-tests/scraping-test1/.venv/lib/python3.8/site-packages/itemadapter/adapter.py", line 338, in __delitem__
    self.adapter.__delitem__(field_name)
  File "/home/dima/python/projects/scraping-tests/scraping-test1/.venv/lib/python3.8/site-packages/itemadapter/adapter.py", line 226, in __delitem__
    del self.item[field_name]
  File "/home/dima/python/projects/scraping-tests/scraping-test1/.venv/lib/python3.8/site-packages/scrapy/item.py", line 88, in __delitem__
    del self._values[key]
KeyError: 'url'
2024-04-24 21:54:01 [scrapy.core.scraper] ERROR: Error processing {'date': 'Wed, 24 Apr 2024 18:54:01 +0000',
 'fz': '44-ФЗ Электронный аукцион',
 'organization_type': 'Заказчик',
 'p_object': 'Поставка запасных частей для транспортных средств',
 'reg_num': '№ 0338100000224000024',
 'reg_num_href': 'https://zakupki.gov.ru/epz/order/notice/ea20/view/common-info.html?regNumber=0338100000224000024',
 'stage': 'Определение поставщика завершено'}
Traceback (most recent call last):
  File "/home/dima/python/projects/scraping-tests/scraping-test1/.venv/lib/python3.8/site-packages/twisted/internet/defer.py", line 1078, in _runCallbacks
    current.result = callback(  # type: ignore[misc]
  File "/home/dima/python/projects/scraping-tests/scraping-test1/.venv/lib/python3.8/site-packages/scrapy/utils/defer.py", line 340, in f
    return deferred_from_coro(coro_f(*coro_args, **coro_kwargs))
  File "/home/dima/python/projects/scraping-tests/scraping-test1/SctapyProjects/zakupki/zakupki/pipelines.py", line 100, in process_item
    del adapter['url']
  File "/home/dima/python/projects/scraping-tests/scraping-test1/.venv/lib/python3.8/site-packages/itemadapter/adapter.py", line 338, in __delitem__
    self.adapter.__delitem__(field_name)
  File "/home/dima/python/projects/scraping-tests/scraping-test1/.venv/lib/python3.8/site-packages/itemadapter/adapter.py", line 226, in __delitem__
    del self.item[field_name]
  File "/home/dima/python/projects/scraping-tests/scraping-test1/.venv/lib/python3.8/site-packages/scrapy/item.py", line 88, in __delitem__
    del self._values[key]
KeyError: 'url'
2024-04-24 21:54:01 [scrapy.core.scraper] ERROR: Error processing {'date': 'Wed, 24 Apr 2024 18:54:01 +0000',
 'fz': '44-ФЗ Электронный аукцион',
 'organization_type': 'Заказчик',
 'p_object': 'Поставка ИМН',
 'reg_num': '№ 0338300019624000028',
 'reg_num_href': 'https://zakupki.gov.ru/epz/order/notice/ea20/view/common-info.html?regNumber=0338300019624000028',
 'stage': 'Определение поставщика завершено'}
Traceback (most recent call last):
  File "/home/dima/python/projects/scraping-tests/scraping-test1/.venv/lib/python3.8/site-packages/twisted/internet/defer.py", line 1078, in _runCallbacks
    current.result = callback(  # type: ignore[misc]
  File "/home/dima/python/projects/scraping-tests/scraping-test1/.venv/lib/python3.8/site-packages/scrapy/utils/defer.py", line 340, in f
    return deferred_from_coro(coro_f(*coro_args, **coro_kwargs))
  File "/home/dima/python/projects/scraping-tests/scraping-test1/SctapyProjects/zakupki/zakupki/pipelines.py", line 100, in process_item
    del adapter['url']
  File "/home/dima/python/projects/scraping-tests/scraping-test1/.venv/lib/python3.8/site-packages/itemadapter/adapter.py", line 338, in __delitem__
    self.adapter.__delitem__(field_name)
  File "/home/dima/python/projects/scraping-tests/scraping-test1/.venv/lib/python3.8/site-packages/itemadapter/adapter.py", line 226, in __delitem__
    del self.item[field_name]
  File "/home/dima/python/projects/scraping-tests/scraping-test1/.venv/lib/python3.8/site-packages/scrapy/item.py", line 88, in __delitem__
    del self._values[key]
KeyError: 'url'
2024-04-24 21:54:01 [scrapy.core.scraper] ERROR: Error processing {'date': 'Wed, 24 Apr 2024 18:54:01 +0000',
 'fz': '44-ФЗ Запрос котировок в электронной форме',
 'organization_type': 'Заказчик',
 'p_object': 'Рубашки мужские',
 'reg_num': '№ 0338100001824000092',
 'reg_num_href': 'https://zakupki.gov.ru/epz/order/notice/zk20/view/common-info.html?regNumber=0338100001824000092',
 'stage': 'Подача заявок'}
Traceback (most recent call last):
  File "/home/dima/python/projects/scraping-tests/scraping-test1/.venv/lib/python3.8/site-packages/twisted/internet/defer.py", line 1078, in _runCallbacks
    current.result = callback(  # type: ignore[misc]
  File "/home/dima/python/projects/scraping-tests/scraping-test1/.venv/lib/python3.8/site-packages/scrapy/utils/defer.py", line 340, in f
    return deferred_from_coro(coro_f(*coro_args, **coro_kwargs))
  File "/home/dima/python/projects/scraping-tests/scraping-test1/SctapyProjects/zakupki/zakupki/pipelines.py", line 100, in process_item
    del adapter['url']
  File "/home/dima/python/projects/scraping-tests/scraping-test1/.venv/lib/python3.8/site-packages/itemadapter/adapter.py", line 338, in __delitem__
    self.adapter.__delitem__(field_name)
  File "/home/dima/python/projects/scraping-tests/scraping-test1/.venv/lib/python3.8/site-packages/itemadapter/adapter.py", line 226, in __delitem__
    del self.item[field_name]
  File "/home/dima/python/projects/scraping-tests/scraping-test1/.venv/lib/python3.8/site-packages/scrapy/item.py", line 88, in __delitem__
    del self._values[key]
KeyError: 'url'
2024-04-24 21:54:01 [scrapy.core.scraper] ERROR: Error processing {'date': 'Wed, 24 Apr 2024 18:54:01 +0000',
 'fz': '44-ФЗ Электронный аукцион',
 'organization_type': 'Заказчик',
 'p_object': 'Оказание услуг по техническому обслуживанию источников '
             'бесперебойного питания',
 'reg_num': '№ 0338200009824000225',
 'reg_num_href': 'https://zakupki.gov.ru/epz/order/notice/ea20/view/common-info.html?regNumber=0338200009824000225',
 'stage': 'Подача заявок'}
Traceback (most recent call last):
  File "/home/dima/python/projects/scraping-tests/scraping-test1/.venv/lib/python3.8/site-packages/twisted/internet/defer.py", line 1078, in _runCallbacks
    current.result = callback(  # type: ignore[misc]
  File "/home/dima/python/projects/scraping-tests/scraping-test1/.venv/lib/python3.8/site-packages/scrapy/utils/defer.py", line 340, in f
    return deferred_from_coro(coro_f(*coro_args, **coro_kwargs))
  File "/home/dima/python/projects/scraping-tests/scraping-test1/SctapyProjects/zakupki/zakupki/pipelines.py", line 100, in process_item
    del adapter['url']
  File "/home/dima/python/projects/scraping-tests/scraping-test1/.venv/lib/python3.8/site-packages/itemadapter/adapter.py", line 338, in __delitem__
    self.adapter.__delitem__(field_name)
  File "/home/dima/python/projects/scraping-tests/scraping-test1/.venv/lib/python3.8/site-packages/itemadapter/adapter.py", line 226, in __delitem__
    del self.item[field_name]
  File "/home/dima/python/projects/scraping-tests/scraping-test1/.venv/lib/python3.8/site-packages/scrapy/item.py", line 88, in __delitem__
    del self._values[key]
KeyError: 'url'
2024-04-24 21:54:01 [scrapy.core.scraper] ERROR: Error processing {'date': 'Wed, 24 Apr 2024 18:54:01 +0000',
 'fz': '44-ФЗ Электронный аукцион',
 'organization_type': 'Заказчик',
 'p_object': 'Приобретение и поставка офисной мебели для федеральных судов '
             'общей юрисдикции Чукотского автономного округа и Управления '
             'Судебного департамента в Чукотском автономном округе',
 'reg_num': '№ 0188100003024000024',
 'reg_num_href': 'https://zakupki.gov.ru/epz/order/notice/ea20/view/common-info.html?regNumber=0188100003024000024',
 'stage': 'Подача заявок'}
Traceback (most recent call last):
  File "/home/dima/python/projects/scraping-tests/scraping-test1/.venv/lib/python3.8/site-packages/twisted/internet/defer.py", line 1078, in _runCallbacks
    current.result = callback(  # type: ignore[misc]
  File "/home/dima/python/projects/scraping-tests/scraping-test1/.venv/lib/python3.8/site-packages/scrapy/utils/defer.py", line 340, in f
    return deferred_from_coro(coro_f(*coro_args, **coro_kwargs))
  File "/home/dima/python/projects/scraping-tests/scraping-test1/SctapyProjects/zakupki/zakupki/pipelines.py", line 100, in process_item
    del adapter['url']
  File "/home/dima/python/projects/scraping-tests/scraping-test1/.venv/lib/python3.8/site-packages/itemadapter/adapter.py", line 338, in __delitem__
    self.adapter.__delitem__(field_name)
  File "/home/dima/python/projects/scraping-tests/scraping-test1/.venv/lib/python3.8/site-packages/itemadapter/adapter.py", line 226, in __delitem__
    del self.item[field_name]
  File "/home/dima/python/projects/scraping-tests/scraping-test1/.venv/lib/python3.8/site-packages/scrapy/item.py", line 88, in __delitem__
    del self._values[key]
KeyError: 'url'
2024-04-24 21:54:01 [scrapy.core.scraper] ERROR: Error processing {'date': 'Wed, 24 Apr 2024 18:54:01 +0000',
 'fz': '44-ФЗ Электронный аукцион',
 'organization_type': 'Заказчик',
 'p_object': 'Оказание услуг физической охраны помещений и территории ГБУЗ '
             'КККВД',
 'reg_num': '№ 0338200009124000022',
 'reg_num_href': 'https://zakupki.gov.ru/epz/order/notice/ea20/view/common-info.html?regNumber=0338200009124000022',
 'stage': 'Подача заявок'}
Traceback (most recent call last):
  File "/home/dima/python/projects/scraping-tests/scraping-test1/.venv/lib/python3.8/site-packages/twisted/internet/defer.py", line 1078, in _runCallbacks
    current.result = callback(  # type: ignore[misc]
  File "/home/dima/python/projects/scraping-tests/scraping-test1/.venv/lib/python3.8/site-packages/scrapy/utils/defer.py", line 340, in f
    return deferred_from_coro(coro_f(*coro_args, **coro_kwargs))
  File "/home/dima/python/projects/scraping-tests/scraping-test1/SctapyProjects/zakupki/zakupki/pipelines.py", line 100, in process_item
    del adapter['url']
  File "/home/dima/python/projects/scraping-tests/scraping-test1/.venv/lib/python3.8/site-packages/itemadapter/adapter.py", line 338, in __delitem__
    self.adapter.__delitem__(field_name)
  File "/home/dima/python/projects/scraping-tests/scraping-test1/.venv/lib/python3.8/site-packages/itemadapter/adapter.py", line 226, in __delitem__
    del self.item[field_name]
  File "/home/dima/python/projects/scraping-tests/scraping-test1/.venv/lib/python3.8/site-packages/scrapy/item.py", line 88, in __delitem__
    del self._values[key]
KeyError: 'url'
2024-04-24 21:54:01 [scrapy.core.scraper] ERROR: Error processing {'date': 'Wed, 24 Apr 2024 18:54:01 +0000',
 'fz': '44-ФЗ Электронный аукцион',
 'organization_type': 'Заказчик',
 'p_object': 'На поставку лекарственного препарата Дулаглутид для медицинского '
             'применения в пользу граждан в целях их социального обеспечения',
 'reg_num': '№ 0338200013924000133',
 'reg_num_href': 'https://zakupki.gov.ru/epz/order/notice/ea20/view/common-info.html?regNumber=0338200013924000133',
 'stage': 'Подача заявок'}
Traceback (most recent call last):
  File "/home/dima/python/projects/scraping-tests/scraping-test1/.venv/lib/python3.8/site-packages/twisted/internet/defer.py", line 1078, in _runCallbacks
    current.result = callback(  # type: ignore[misc]
  File "/home/dima/python/projects/scraping-tests/scraping-test1/.venv/lib/python3.8/site-packages/scrapy/utils/defer.py", line 340, in f
    return deferred_from_coro(coro_f(*coro_args, **coro_kwargs))
  File "/home/dima/python/projects/scraping-tests/scraping-test1/SctapyProjects/zakupki/zakupki/pipelines.py", line 100, in process_item
    del adapter['url']
  File "/home/dima/python/projects/scraping-tests/scraping-test1/.venv/lib/python3.8/site-packages/itemadapter/adapter.py", line 338, in __delitem__
    self.adapter.__delitem__(field_name)
  File "/home/dima/python/projects/scraping-tests/scraping-test1/.venv/lib/python3.8/site-packages/itemadapter/adapter.py", line 226, in __delitem__
    del self.item[field_name]
  File "/home/dima/python/projects/scraping-tests/scraping-test1/.venv/lib/python3.8/site-packages/scrapy/item.py", line 88, in __delitem__
    del self._values[key]
KeyError: 'url'
2024-04-24 21:54:01 [scrapy.core.scraper] ERROR: Error processing {'date': 'Wed, 24 Apr 2024 18:54:01 +0000',
 'fz': '44-ФЗ Электронный аукцион',
 'organization_type': 'Заказчик',
 'p_object': 'Поставка снегоболотохода на шинах сверхнизкого давления для нужд '
             'Анадырского районного суда Чукотского автономного округа',
 'reg_num': '№ 0188100003024000027',
 'reg_num_href': 'https://zakupki.gov.ru/epz/order/notice/ea20/view/common-info.html?regNumber=0188100003024000027',
 'stage': 'Подача заявок'}
Traceback (most recent call last):
  File "/home/dima/python/projects/scraping-tests/scraping-test1/.venv/lib/python3.8/site-packages/twisted/internet/defer.py", line 1078, in _runCallbacks
    current.result = callback(  # type: ignore[misc]
  File "/home/dima/python/projects/scraping-tests/scraping-test1/.venv/lib/python3.8/site-packages/scrapy/utils/defer.py", line 340, in f
    return deferred_from_coro(coro_f(*coro_args, **coro_kwargs))
  File "/home/dima/python/projects/scraping-tests/scraping-test1/SctapyProjects/zakupki/zakupki/pipelines.py", line 100, in process_item
    del adapter['url']
  File "/home/dima/python/projects/scraping-tests/scraping-test1/.venv/lib/python3.8/site-packages/itemadapter/adapter.py", line 338, in __delitem__
    self.adapter.__delitem__(field_name)
  File "/home/dima/python/projects/scraping-tests/scraping-test1/.venv/lib/python3.8/site-packages/itemadapter/adapter.py", line 226, in __delitem__
    del self.item[field_name]
  File "/home/dima/python/projects/scraping-tests/scraping-test1/.venv/lib/python3.8/site-packages/scrapy/item.py", line 88, in __delitem__
    del self._values[key]
KeyError: 'url'
2024-04-24 21:54:01 [scrapy.core.engine] INFO: Closing spider (finished)
2024-04-24 21:54:01 [scrapy.extensions.feedexport] INFO: Stored xml feed (0 items) in: feed/zakupki.items.xml
2024-04-24 21:54:01 [scrapy.extensions.feedexport] INFO: Stored csv feed (0 items) in: file:///home/dima/python/projects/scraping-tests/scraping-test1/SctapyProjects/zakupki/feed/zakupki.items.csv.gz
2024-04-24 21:54:01 [scrapy.statscollectors] INFO: Dumping Scrapy stats:
{'downloader/request_bytes': 1025,
 'downloader/request_count': 1,
 'downloader/request_method_count/GET': 1,
 'downloader/response_bytes': 42039,
 'downloader/response_count': 1,
 'downloader/response_status_count/200': 1,
 'elapsed_time_seconds': 0.151352,
 'feedexport/success_count/FileFeedStorage': 2,
 'finish_reason': 'finished',
 'finish_time': datetime.datetime(2024, 4, 24, 18, 54, 1, 328664, tzinfo=datetime.timezone.utc),
 'httpcache/hit': 1,
 'httpcompression/response_bytes': 364608,
 'httpcompression/response_count': 1,
 'log_count/DEBUG': 5,
 'log_count/ERROR': 10,
 'log_count/INFO': 13,
 'memusage/max': 59269120,
 'memusage/startup': 59269120,
 'response_received_count': 1,
 'scheduler/dequeued': 1,
 'scheduler/dequeued/memory': 1,
 'scheduler/enqueued': 1,
 'scheduler/enqueued/memory': 1,
 'start_time': datetime.datetime(2024, 4, 24, 18, 54, 1, 177312, tzinfo=datetime.timezone.utc)}
2024-04-24 21:54:01 [scrapy.core.engine] INFO: Spider closed (finished)
2024-04-24 21:55:41 [scrapy.utils.log] INFO: Scrapy 2.11.1 started (bot: zakupki)
2024-04-24 21:55:41 [scrapy.utils.log] INFO: Versions: lxml 5.2.1.0, libxml2 2.12.6, cssselect 1.2.0, parsel 1.9.1, w3lib 2.1.2, Twisted 24.3.0, Python 3.8.10 (default, Nov 22 2023, 10:22:35) - [GCC 9.4.0], pyOpenSSL 24.1.0 (OpenSSL 3.2.1 30 Jan 2024), cryptography 42.0.5, Platform Linux-5.15.0-92-generic-x86_64-with-glibc2.29
2024-04-24 21:55:41 [scrapy.addons] INFO: Enabled addons:
[]
2024-04-24 21:55:41 [asyncio] DEBUG: Using selector: EpollSelector
2024-04-24 21:55:41 [scrapy.utils.log] DEBUG: Using reactor: twisted.internet.asyncioreactor.AsyncioSelectorReactor
2024-04-24 21:55:41 [scrapy.utils.log] DEBUG: Using asyncio event loop: asyncio.unix_events._UnixSelectorEventLoop
2024-04-24 21:55:41 [scrapy.extensions.telnet] INFO: Telnet Password: 48392493a107f3f8
2024-04-24 21:55:41 [scrapy.middleware] INFO: Enabled extensions:
['scrapy.extensions.corestats.CoreStats',
 'scrapy.extensions.telnet.TelnetConsole',
 'scrapy.extensions.memusage.MemoryUsage',
 'scrapy.extensions.feedexport.FeedExporter',
 'scrapy.extensions.logstats.LogStats']
2024-04-24 21:55:41 [scrapy.crawler] INFO: Overridden settings:
{'BOT_NAME': 'zakupki',
 'CONCURRENT_REQUESTS_PER_DOMAIN': 1,
 'COOKIES_DEBUG': True,
 'DOWNLOAD_DELAY': 5,
 'HTTPCACHE_ENABLED': True,
 'LOG_FILE': '%(name)s-%(time)s.log',
 'NEWSPIDER_MODULE': 'zakupki.spiders',
 'REQUEST_FINGERPRINTER_IMPLEMENTATION': '2.7',
 'SPIDER_MODULES': ['zakupki.spiders'],
 'TWISTED_REACTOR': 'twisted.internet.asyncioreactor.AsyncioSelectorReactor',
 'USER_AGENT': ('Mozilla/5.0 (Windows NT 10.0; Win64; x64) AppleWebKit/537.36 '
                '(KHTML, like Gecko) Chrome/120.0.0.0 Safari/537.36',)}
2024-04-24 21:55:41 [scrapy.middleware] INFO: Enabled downloader middlewares:
['scrapy.downloadermiddlewares.httpauth.HttpAuthMiddleware',
 'scrapy.downloadermiddlewares.downloadtimeout.DownloadTimeoutMiddleware',
 'scrapy.downloadermiddlewares.defaultheaders.DefaultHeadersMiddleware',
 'scrapy.downloadermiddlewares.useragent.UserAgentMiddleware',
 'scrapy.downloadermiddlewares.retry.RetryMiddleware',
 'scrapy.downloadermiddlewares.redirect.MetaRefreshMiddleware',
 'scrapy.downloadermiddlewares.httpcompression.HttpCompressionMiddleware',
 'scrapy.downloadermiddlewares.redirect.RedirectMiddleware',
 'scrapy.downloadermiddlewares.cookies.CookiesMiddleware',
 'zakupki.middlewares.ZakupkiProxyDownloaderMiddleware',
 'scrapy.downloadermiddlewares.httpproxy.HttpProxyMiddleware',
 'scrapy.downloadermiddlewares.stats.DownloaderStats',
 'scrapy.downloadermiddlewares.httpcache.HttpCacheMiddleware']
2024-04-24 21:55:41 [scrapy.middleware] INFO: Enabled spider middlewares:
['scrapy.spidermiddlewares.httperror.HttpErrorMiddleware',
 'scrapy.spidermiddlewares.offsite.OffsiteMiddleware',
 'zakupki.middlewares.ZakupkiSpiderMiddleware',
 'scrapy.spidermiddlewares.referer.RefererMiddleware',
 'scrapy.spidermiddlewares.urllength.UrlLengthMiddleware',
 'scrapy.spidermiddlewares.depth.DepthMiddleware']
2024-04-24 21:55:41 [scrapy.middleware] INFO: Enabled item pipelines:
['zakupki.pipelines.ZakupkiCleanValuePipeline']
2024-04-24 21:55:41 [scrapy.core.engine] INFO: Spider opened
2024-04-24 21:55:41 [scrapy.extensions.logstats] INFO: Crawled 0 pages (at 0 pages/min), scraped 0 items (at 0 items/min)
2024-04-24 21:55:41 [scrapy.extensions.httpcache] DEBUG: Using filesystem cache storage in /home/dima/python/projects/scraping-tests/scraping-test1/SctapyProjects/zakupki/.scrapy/httpcache
2024-04-24 21:55:41 [zakupki] INFO: Spider opened: zakupki
2024-04-24 21:55:41 [scrapy.extensions.telnet] INFO: Telnet console listening on 127.0.0.1:6023
2024-04-24 21:55:41 [scrapy.core.engine] DEBUG: Crawled (200) <GET https://zakupki.gov.ru/epz/order/extendedsearch/results.html?morphology=on&search-filter=%D0%94%D0%B0%D1%82%D0%B5+%D1%80%D0%B0%D0%B7%D0%BC%D0%B5%D1%89%D0%B5%D0%BD%D0%B8%D1%8F&pageNumber=1&sortDirection=false&recordsPerPage=_10&showLotsInfoHidden=false&sortBy=UPDATE_DATE&fz44=on&fz223=on&af=on&ca=on&pc=on&pa=on&currencyIdGeneral=-1> (referer: None) ['cached']
2024-04-24 21:55:41 [scrapy.core.scraper] DEBUG: Scraped from <200 https://zakupki.gov.ru/epz/order/extendedsearch/results.html?morphology=on&search-filter=%D0%94%D0%B0%D1%82%D0%B5+%D1%80%D0%B0%D0%B7%D0%BC%D0%B5%D1%89%D0%B5%D0%BD%D0%B8%D1%8F&pageNumber=1&sortDirection=false&recordsPerPage=_10&showLotsInfoHidden=false&sortBy=UPDATE_DATE&fz44=on&fz223=on&af=on&ca=on&pc=on&pa=on&currencyIdGeneral=-1>
{'date': 'Wed, 24 Apr 2024 18:55:41 +0000',
 'fz': '44-ФЗ Электронный аукцион',
 'organization_type': 'Заказчик',
 'p_object': 'Поставка инструмента',
 'reg_num': '№ 0338100000224000025',
 'reg_num_href': 'https://zakupki.gov.ru/epz/order/notice/ea20/view/common-info.html?regNumber=0338100000224000025',
 'stage': 'Определение поставщика завершено'}
2024-04-24 21:55:41 [scrapy.core.scraper] DEBUG: Scraped from <200 https://zakupki.gov.ru/epz/order/extendedsearch/results.html?morphology=on&search-filter=%D0%94%D0%B0%D1%82%D0%B5+%D1%80%D0%B0%D0%B7%D0%BC%D0%B5%D1%89%D0%B5%D0%BD%D0%B8%D1%8F&pageNumber=1&sortDirection=false&recordsPerPage=_10&showLotsInfoHidden=false&sortBy=UPDATE_DATE&fz44=on&fz223=on&af=on&ca=on&pc=on&pa=on&currencyIdGeneral=-1>
{'date': 'Wed, 24 Apr 2024 18:55:41 +0000',
 'fz': '44-ФЗ Электронный аукцион',
 'organization_type': 'Заказчик',
 'p_object': 'Поставка ИМН',
 'reg_num': '№ 0338300019624000029',
 'reg_num_href': 'https://zakupki.gov.ru/epz/order/notice/ea20/view/common-info.html?regNumber=0338300019624000029',
 'stage': 'Определение поставщика завершено'}
2024-04-24 21:55:41 [scrapy.core.scraper] DEBUG: Scraped from <200 https://zakupki.gov.ru/epz/order/extendedsearch/results.html?morphology=on&search-filter=%D0%94%D0%B0%D1%82%D0%B5+%D1%80%D0%B0%D0%B7%D0%BC%D0%B5%D1%89%D0%B5%D0%BD%D0%B8%D1%8F&pageNumber=1&sortDirection=false&recordsPerPage=_10&showLotsInfoHidden=false&sortBy=UPDATE_DATE&fz44=on&fz223=on&af=on&ca=on&pc=on&pa=on&currencyIdGeneral=-1>
{'date': 'Wed, 24 Apr 2024 18:55:41 +0000',
 'fz': '44-ФЗ Электронный аукцион',
 'organization_type': 'Заказчик',
 'p_object': 'Поставка запасных частей для транспортных средств',
 'reg_num': '№ 0338100000224000024',
 'reg_num_href': 'https://zakupki.gov.ru/epz/order/notice/ea20/view/common-info.html?regNumber=0338100000224000024',
 'stage': 'Определение поставщика завершено'}
2024-04-24 21:55:41 [scrapy.core.scraper] DEBUG: Scraped from <200 https://zakupki.gov.ru/epz/order/extendedsearch/results.html?morphology=on&search-filter=%D0%94%D0%B0%D1%82%D0%B5+%D1%80%D0%B0%D0%B7%D0%BC%D0%B5%D1%89%D0%B5%D0%BD%D0%B8%D1%8F&pageNumber=1&sortDirection=false&recordsPerPage=_10&showLotsInfoHidden=false&sortBy=UPDATE_DATE&fz44=on&fz223=on&af=on&ca=on&pc=on&pa=on&currencyIdGeneral=-1>
{'date': 'Wed, 24 Apr 2024 18:55:41 +0000',
 'fz': '44-ФЗ Электронный аукцион',
 'organization_type': 'Заказчик',
 'p_object': 'Поставка ИМН',
 'reg_num': '№ 0338300019624000028',
 'reg_num_href': 'https://zakupki.gov.ru/epz/order/notice/ea20/view/common-info.html?regNumber=0338300019624000028',
 'stage': 'Определение поставщика завершено'}
2024-04-24 21:55:41 [scrapy.core.scraper] DEBUG: Scraped from <200 https://zakupki.gov.ru/epz/order/extendedsearch/results.html?morphology=on&search-filter=%D0%94%D0%B0%D1%82%D0%B5+%D1%80%D0%B0%D0%B7%D0%BC%D0%B5%D1%89%D0%B5%D0%BD%D0%B8%D1%8F&pageNumber=1&sortDirection=false&recordsPerPage=_10&showLotsInfoHidden=false&sortBy=UPDATE_DATE&fz44=on&fz223=on&af=on&ca=on&pc=on&pa=on&currencyIdGeneral=-1>
{'date': 'Wed, 24 Apr 2024 18:55:41 +0000',
 'fz': '44-ФЗ Запрос котировок в электронной форме',
 'organization_type': 'Заказчик',
 'p_object': 'Рубашки мужские',
 'reg_num': '№ 0338100001824000092',
 'reg_num_href': 'https://zakupki.gov.ru/epz/order/notice/zk20/view/common-info.html?regNumber=0338100001824000092',
 'stage': 'Подача заявок'}
2024-04-24 21:55:41 [scrapy.core.scraper] DEBUG: Scraped from <200 https://zakupki.gov.ru/epz/order/extendedsearch/results.html?morphology=on&search-filter=%D0%94%D0%B0%D1%82%D0%B5+%D1%80%D0%B0%D0%B7%D0%BC%D0%B5%D1%89%D0%B5%D0%BD%D0%B8%D1%8F&pageNumber=1&sortDirection=false&recordsPerPage=_10&showLotsInfoHidden=false&sortBy=UPDATE_DATE&fz44=on&fz223=on&af=on&ca=on&pc=on&pa=on&currencyIdGeneral=-1>
{'date': 'Wed, 24 Apr 2024 18:55:41 +0000',
 'fz': '44-ФЗ Электронный аукцион',
 'organization_type': 'Заказчик',
 'p_object': 'Оказание услуг по техническому обслуживанию источников '
             'бесперебойного питания',
 'reg_num': '№ 0338200009824000225',
 'reg_num_href': 'https://zakupki.gov.ru/epz/order/notice/ea20/view/common-info.html?regNumber=0338200009824000225',
 'stage': 'Подача заявок'}
2024-04-24 21:55:41 [scrapy.core.scraper] DEBUG: Scraped from <200 https://zakupki.gov.ru/epz/order/extendedsearch/results.html?morphology=on&search-filter=%D0%94%D0%B0%D1%82%D0%B5+%D1%80%D0%B0%D0%B7%D0%BC%D0%B5%D1%89%D0%B5%D0%BD%D0%B8%D1%8F&pageNumber=1&sortDirection=false&recordsPerPage=_10&showLotsInfoHidden=false&sortBy=UPDATE_DATE&fz44=on&fz223=on&af=on&ca=on&pc=on&pa=on&currencyIdGeneral=-1>
{'date': 'Wed, 24 Apr 2024 18:55:41 +0000',
 'fz': '44-ФЗ Электронный аукцион',
 'organization_type': 'Заказчик',
 'p_object': 'Приобретение и поставка офисной мебели для федеральных судов '
             'общей юрисдикции Чукотского автономного округа и Управления '
             'Судебного департамента в Чукотском автономном округе',
 'reg_num': '№ 0188100003024000024',
 'reg_num_href': 'https://zakupki.gov.ru/epz/order/notice/ea20/view/common-info.html?regNumber=0188100003024000024',
 'stage': 'Подача заявок'}
2024-04-24 21:55:41 [scrapy.core.scraper] DEBUG: Scraped from <200 https://zakupki.gov.ru/epz/order/extendedsearch/results.html?morphology=on&search-filter=%D0%94%D0%B0%D1%82%D0%B5+%D1%80%D0%B0%D0%B7%D0%BC%D0%B5%D1%89%D0%B5%D0%BD%D0%B8%D1%8F&pageNumber=1&sortDirection=false&recordsPerPage=_10&showLotsInfoHidden=false&sortBy=UPDATE_DATE&fz44=on&fz223=on&af=on&ca=on&pc=on&pa=on&currencyIdGeneral=-1>
{'date': 'Wed, 24 Apr 2024 18:55:41 +0000',
 'fz': '44-ФЗ Электронный аукцион',
 'organization_type': 'Заказчик',
 'p_object': 'Оказание услуг физической охраны помещений и территории ГБУЗ '
             'КККВД',
 'reg_num': '№ 0338200009124000022',
 'reg_num_href': 'https://zakupki.gov.ru/epz/order/notice/ea20/view/common-info.html?regNumber=0338200009124000022',
 'stage': 'Подача заявок'}
2024-04-24 21:55:41 [scrapy.core.scraper] DEBUG: Scraped from <200 https://zakupki.gov.ru/epz/order/extendedsearch/results.html?morphology=on&search-filter=%D0%94%D0%B0%D1%82%D0%B5+%D1%80%D0%B0%D0%B7%D0%BC%D0%B5%D1%89%D0%B5%D0%BD%D0%B8%D1%8F&pageNumber=1&sortDirection=false&recordsPerPage=_10&showLotsInfoHidden=false&sortBy=UPDATE_DATE&fz44=on&fz223=on&af=on&ca=on&pc=on&pa=on&currencyIdGeneral=-1>
{'date': 'Wed, 24 Apr 2024 18:55:41 +0000',
 'fz': '44-ФЗ Электронный аукцион',
 'organization_type': 'Заказчик',
 'p_object': 'На поставку лекарственного препарата Дулаглутид для медицинского '
             'применения в пользу граждан в целях их социального обеспечения',
 'reg_num': '№ 0338200013924000133',
 'reg_num_href': 'https://zakupki.gov.ru/epz/order/notice/ea20/view/common-info.html?regNumber=0338200013924000133',
 'stage': 'Подача заявок'}
2024-04-24 21:55:41 [scrapy.core.scraper] DEBUG: Scraped from <200 https://zakupki.gov.ru/epz/order/extendedsearch/results.html?morphology=on&search-filter=%D0%94%D0%B0%D1%82%D0%B5+%D1%80%D0%B0%D0%B7%D0%BC%D0%B5%D1%89%D0%B5%D0%BD%D0%B8%D1%8F&pageNumber=1&sortDirection=false&recordsPerPage=_10&showLotsInfoHidden=false&sortBy=UPDATE_DATE&fz44=on&fz223=on&af=on&ca=on&pc=on&pa=on&currencyIdGeneral=-1>
{'date': 'Wed, 24 Apr 2024 18:55:41 +0000',
 'fz': '44-ФЗ Электронный аукцион',
 'organization_type': 'Заказчик',
 'p_object': 'Поставка снегоболотохода на шинах сверхнизкого давления для нужд '
             'Анадырского районного суда Чукотского автономного округа',
 'reg_num': '№ 0188100003024000027',
 'reg_num_href': 'https://zakupki.gov.ru/epz/order/notice/ea20/view/common-info.html?regNumber=0188100003024000027',
 'stage': 'Подача заявок'}
2024-04-24 21:55:41 [scrapy.core.engine] INFO: Closing spider (finished)
2024-04-24 21:55:41 [scrapy.extensions.feedexport] INFO: Stored json feed (10 items) in: feed/zakupki-2024-04-24T18-55-41+00-00.items.json
2024-04-24 21:55:41 [scrapy.extensions.feedexport] INFO: Stored xml feed (10 items) in: feed/zakupki.items.xml
2024-04-24 21:55:41 [scrapy.extensions.feedexport] INFO: Stored csv feed (10 items) in: file:///home/dima/python/projects/scraping-tests/scraping-test1/SctapyProjects/zakupki/feed/zakupki.items.csv.gz
2024-04-24 21:55:41 [scrapy.statscollectors] INFO: Dumping Scrapy stats:
{'downloader/request_bytes': 1025,
 'downloader/request_count': 1,
 'downloader/request_method_count/GET': 1,
 'downloader/response_bytes': 42039,
 'downloader/response_count': 1,
 'downloader/response_status_count/200': 1,
 'elapsed_time_seconds': 0.133393,
 'feedexport/success_count/FileFeedStorage': 3,
 'finish_reason': 'finished',
 'finish_time': datetime.datetime(2024, 4, 24, 18, 55, 41, 957823, tzinfo=datetime.timezone.utc),
 'httpcache/hit': 1,
 'httpcompression/response_bytes': 364608,
 'httpcompression/response_count': 1,
 'item_scraped_count': 10,
 'log_count/DEBUG': 15,
 'log_count/INFO': 14,
 'memusage/max': 59260928,
 'memusage/startup': 59260928,
 'response_received_count': 1,
 'scheduler/dequeued': 1,
 'scheduler/dequeued/memory': 1,
 'scheduler/enqueued': 1,
 'scheduler/enqueued/memory': 1,
 'start_time': datetime.datetime(2024, 4, 24, 18, 55, 41, 824430, tzinfo=datetime.timezone.utc)}
2024-04-24 21:55:41 [scrapy.core.engine] INFO: Spider closed (finished)
2024-04-24 21:56:44 [scrapy.utils.log] INFO: Scrapy 2.11.1 started (bot: zakupki)
2024-04-24 21:56:44 [scrapy.utils.log] INFO: Versions: lxml 5.2.1.0, libxml2 2.12.6, cssselect 1.2.0, parsel 1.9.1, w3lib 2.1.2, Twisted 24.3.0, Python 3.8.10 (default, Nov 22 2023, 10:22:35) - [GCC 9.4.0], pyOpenSSL 24.1.0 (OpenSSL 3.2.1 30 Jan 2024), cryptography 42.0.5, Platform Linux-5.15.0-92-generic-x86_64-with-glibc2.29
2024-04-24 21:56:44 [scrapy.addons] INFO: Enabled addons:
[]
2024-04-24 21:56:44 [asyncio] DEBUG: Using selector: EpollSelector
2024-04-24 21:56:44 [scrapy.utils.log] DEBUG: Using reactor: twisted.internet.asyncioreactor.AsyncioSelectorReactor
2024-04-24 21:56:44 [scrapy.utils.log] DEBUG: Using asyncio event loop: asyncio.unix_events._UnixSelectorEventLoop
2024-04-24 21:56:44 [scrapy.extensions.telnet] INFO: Telnet Password: 9cd3fabcc0190ac0
2024-04-24 21:56:44 [scrapy.middleware] INFO: Enabled extensions:
['scrapy.extensions.corestats.CoreStats',
 'scrapy.extensions.telnet.TelnetConsole',
 'scrapy.extensions.memusage.MemoryUsage',
 'scrapy.extensions.feedexport.FeedExporter',
 'scrapy.extensions.logstats.LogStats']
2024-04-24 21:56:44 [scrapy.crawler] INFO: Overridden settings:
{'BOT_NAME': 'zakupki',
 'CONCURRENT_REQUESTS_PER_DOMAIN': 1,
 'COOKIES_DEBUG': True,
 'DOWNLOAD_DELAY': 5,
 'HTTPCACHE_ENABLED': True,
 'LOG_FILE': '%(name)s-%(time)s.log',
 'NEWSPIDER_MODULE': 'zakupki.spiders',
 'REQUEST_FINGERPRINTER_IMPLEMENTATION': '2.7',
 'SPIDER_MODULES': ['zakupki.spiders'],
 'TWISTED_REACTOR': 'twisted.internet.asyncioreactor.AsyncioSelectorReactor',
 'USER_AGENT': ('Mozilla/5.0 (Windows NT 10.0; Win64; x64) AppleWebKit/537.36 '
                '(KHTML, like Gecko) Chrome/120.0.0.0 Safari/537.36',)}
2024-04-24 21:56:44 [scrapy.middleware] INFO: Enabled downloader middlewares:
['scrapy.downloadermiddlewares.httpauth.HttpAuthMiddleware',
 'scrapy.downloadermiddlewares.downloadtimeout.DownloadTimeoutMiddleware',
 'scrapy.downloadermiddlewares.defaultheaders.DefaultHeadersMiddleware',
 'scrapy.downloadermiddlewares.useragent.UserAgentMiddleware',
 'scrapy.downloadermiddlewares.retry.RetryMiddleware',
 'scrapy.downloadermiddlewares.redirect.MetaRefreshMiddleware',
 'scrapy.downloadermiddlewares.httpcompression.HttpCompressionMiddleware',
 'scrapy.downloadermiddlewares.redirect.RedirectMiddleware',
 'scrapy.downloadermiddlewares.cookies.CookiesMiddleware',
 'zakupki.middlewares.ZakupkiProxyDownloaderMiddleware',
 'scrapy.downloadermiddlewares.httpproxy.HttpProxyMiddleware',
 'scrapy.downloadermiddlewares.stats.DownloaderStats',
 'scrapy.downloadermiddlewares.httpcache.HttpCacheMiddleware']
2024-04-24 21:56:44 [scrapy.middleware] INFO: Enabled spider middlewares:
['scrapy.spidermiddlewares.httperror.HttpErrorMiddleware',
 'scrapy.spidermiddlewares.offsite.OffsiteMiddleware',
 'zakupki.middlewares.ZakupkiSpiderMiddleware',
 'scrapy.spidermiddlewares.referer.RefererMiddleware',
 'scrapy.spidermiddlewares.urllength.UrlLengthMiddleware',
 'scrapy.spidermiddlewares.depth.DepthMiddleware']
2024-04-24 21:56:44 [scrapy.middleware] INFO: Enabled item pipelines:
['zakupki.pipelines.ZakupkiCleanValuePipeline']
2024-04-24 21:56:44 [scrapy.core.engine] INFO: Spider opened
2024-04-24 21:56:44 [scrapy.extensions.logstats] INFO: Crawled 0 pages (at 0 pages/min), scraped 0 items (at 0 items/min)
2024-04-24 21:56:44 [scrapy.extensions.httpcache] DEBUG: Using filesystem cache storage in /home/dima/python/projects/scraping-tests/scraping-test1/SctapyProjects/zakupki/.scrapy/httpcache
2024-04-24 21:56:44 [zakupki] INFO: Spider opened: zakupki
2024-04-24 21:56:44 [scrapy.extensions.telnet] INFO: Telnet console listening on 127.0.0.1:6023
2024-04-24 21:56:44 [scrapy.core.engine] DEBUG: Crawled (200) <GET https://zakupki.gov.ru/epz/order/extendedsearch/results.html?morphology=on&search-filter=%D0%94%D0%B0%D1%82%D0%B5+%D1%80%D0%B0%D0%B7%D0%BC%D0%B5%D1%89%D0%B5%D0%BD%D0%B8%D1%8F&pageNumber=1&sortDirection=false&recordsPerPage=_10&showLotsInfoHidden=false&sortBy=UPDATE_DATE&fz44=on&fz223=on&af=on&ca=on&pc=on&pa=on&currencyIdGeneral=-1> (referer: None) ['cached']
2024-04-24 21:56:45 [scrapy.core.scraper] DEBUG: Scraped from <200 https://zakupki.gov.ru/epz/order/extendedsearch/results.html?morphology=on&search-filter=%D0%94%D0%B0%D1%82%D0%B5+%D1%80%D0%B0%D0%B7%D0%BC%D0%B5%D1%89%D0%B5%D0%BD%D0%B8%D1%8F&pageNumber=1&sortDirection=false&recordsPerPage=_10&showLotsInfoHidden=false&sortBy=UPDATE_DATE&fz44=on&fz223=on&af=on&ca=on&pc=on&pa=on&currencyIdGeneral=-1>
{'date': 'Wed, 24 Apr 2024 18:56:45 +0000',
 'fz': '44-ФЗ Электронный аукцион',
 'organization_type': 'Заказчик',
 'p_object': 'Поставка инструмента',
 'reg_num': '№ 0338100000224000025',
 'reg_num_href': 'https://zakupki.gov.ru/epz/order/notice/ea20/view/common-info.html?regNumber=0338100000224000025',
 'stage': 'Определение поставщика завершено'}
2024-04-24 21:56:45 [scrapy.core.scraper] DEBUG: Scraped from <200 https://zakupki.gov.ru/epz/order/extendedsearch/results.html?morphology=on&search-filter=%D0%94%D0%B0%D1%82%D0%B5+%D1%80%D0%B0%D0%B7%D0%BC%D0%B5%D1%89%D0%B5%D0%BD%D0%B8%D1%8F&pageNumber=1&sortDirection=false&recordsPerPage=_10&showLotsInfoHidden=false&sortBy=UPDATE_DATE&fz44=on&fz223=on&af=on&ca=on&pc=on&pa=on&currencyIdGeneral=-1>
{'date': 'Wed, 24 Apr 2024 18:56:45 +0000',
 'fz': '44-ФЗ Электронный аукцион',
 'organization_type': 'Заказчик',
 'p_object': 'Поставка ИМН',
 'reg_num': '№ 0338300019624000029',
 'reg_num_href': 'https://zakupki.gov.ru/epz/order/notice/ea20/view/common-info.html?regNumber=0338300019624000029',
 'stage': 'Определение поставщика завершено'}
2024-04-24 21:56:45 [scrapy.core.scraper] DEBUG: Scraped from <200 https://zakupki.gov.ru/epz/order/extendedsearch/results.html?morphology=on&search-filter=%D0%94%D0%B0%D1%82%D0%B5+%D1%80%D0%B0%D0%B7%D0%BC%D0%B5%D1%89%D0%B5%D0%BD%D0%B8%D1%8F&pageNumber=1&sortDirection=false&recordsPerPage=_10&showLotsInfoHidden=false&sortBy=UPDATE_DATE&fz44=on&fz223=on&af=on&ca=on&pc=on&pa=on&currencyIdGeneral=-1>
{'date': 'Wed, 24 Apr 2024 18:56:45 +0000',
 'fz': '44-ФЗ Электронный аукцион',
 'organization_type': 'Заказчик',
 'p_object': 'Поставка запасных частей для транспортных средств',
 'reg_num': '№ 0338100000224000024',
 'reg_num_href': 'https://zakupki.gov.ru/epz/order/notice/ea20/view/common-info.html?regNumber=0338100000224000024',
 'stage': 'Определение поставщика завершено'}
2024-04-24 21:56:45 [scrapy.core.scraper] DEBUG: Scraped from <200 https://zakupki.gov.ru/epz/order/extendedsearch/results.html?morphology=on&search-filter=%D0%94%D0%B0%D1%82%D0%B5+%D1%80%D0%B0%D0%B7%D0%BC%D0%B5%D1%89%D0%B5%D0%BD%D0%B8%D1%8F&pageNumber=1&sortDirection=false&recordsPerPage=_10&showLotsInfoHidden=false&sortBy=UPDATE_DATE&fz44=on&fz223=on&af=on&ca=on&pc=on&pa=on&currencyIdGeneral=-1>
{'date': 'Wed, 24 Apr 2024 18:56:45 +0000',
 'fz': '44-ФЗ Электронный аукцион',
 'organization_type': 'Заказчик',
 'p_object': 'Поставка ИМН',
 'reg_num': '№ 0338300019624000028',
 'reg_num_href': 'https://zakupki.gov.ru/epz/order/notice/ea20/view/common-info.html?regNumber=0338300019624000028',
 'stage': 'Определение поставщика завершено'}
2024-04-24 21:56:45 [scrapy.core.scraper] DEBUG: Scraped from <200 https://zakupki.gov.ru/epz/order/extendedsearch/results.html?morphology=on&search-filter=%D0%94%D0%B0%D1%82%D0%B5+%D1%80%D0%B0%D0%B7%D0%BC%D0%B5%D1%89%D0%B5%D0%BD%D0%B8%D1%8F&pageNumber=1&sortDirection=false&recordsPerPage=_10&showLotsInfoHidden=false&sortBy=UPDATE_DATE&fz44=on&fz223=on&af=on&ca=on&pc=on&pa=on&currencyIdGeneral=-1>
{'date': 'Wed, 24 Apr 2024 18:56:45 +0000',
 'fz': '44-ФЗ Запрос котировок в электронной форме',
 'organization_type': 'Заказчик',
 'p_object': 'Рубашки мужские',
 'reg_num': '№ 0338100001824000092',
 'reg_num_href': 'https://zakupki.gov.ru/epz/order/notice/zk20/view/common-info.html?regNumber=0338100001824000092',
 'stage': 'Подача заявок'}
2024-04-24 21:56:45 [scrapy.core.scraper] DEBUG: Scraped from <200 https://zakupki.gov.ru/epz/order/extendedsearch/results.html?morphology=on&search-filter=%D0%94%D0%B0%D1%82%D0%B5+%D1%80%D0%B0%D0%B7%D0%BC%D0%B5%D1%89%D0%B5%D0%BD%D0%B8%D1%8F&pageNumber=1&sortDirection=false&recordsPerPage=_10&showLotsInfoHidden=false&sortBy=UPDATE_DATE&fz44=on&fz223=on&af=on&ca=on&pc=on&pa=on&currencyIdGeneral=-1>
{'date': 'Wed, 24 Apr 2024 18:56:45 +0000',
 'fz': '44-ФЗ Электронный аукцион',
 'organization_type': 'Заказчик',
 'p_object': 'Оказание услуг по техническому обслуживанию источников '
             'бесперебойного питания',
 'reg_num': '№ 0338200009824000225',
 'reg_num_href': 'https://zakupki.gov.ru/epz/order/notice/ea20/view/common-info.html?regNumber=0338200009824000225',
 'stage': 'Подача заявок'}
2024-04-24 21:56:45 [scrapy.core.scraper] DEBUG: Scraped from <200 https://zakupki.gov.ru/epz/order/extendedsearch/results.html?morphology=on&search-filter=%D0%94%D0%B0%D1%82%D0%B5+%D1%80%D0%B0%D0%B7%D0%BC%D0%B5%D1%89%D0%B5%D0%BD%D0%B8%D1%8F&pageNumber=1&sortDirection=false&recordsPerPage=_10&showLotsInfoHidden=false&sortBy=UPDATE_DATE&fz44=on&fz223=on&af=on&ca=on&pc=on&pa=on&currencyIdGeneral=-1>
{'date': 'Wed, 24 Apr 2024 18:56:45 +0000',
 'fz': '44-ФЗ Электронный аукцион',
 'organization_type': 'Заказчик',
 'p_object': 'Приобретение и поставка офисной мебели для федеральных судов '
             'общей юрисдикции Чукотского автономного округа и Управления '
             'Судебного департамента в Чукотском автономном округе',
 'reg_num': '№ 0188100003024000024',
 'reg_num_href': 'https://zakupki.gov.ru/epz/order/notice/ea20/view/common-info.html?regNumber=0188100003024000024',
 'stage': 'Подача заявок'}
2024-04-24 21:56:45 [scrapy.core.scraper] DEBUG: Scraped from <200 https://zakupki.gov.ru/epz/order/extendedsearch/results.html?morphology=on&search-filter=%D0%94%D0%B0%D1%82%D0%B5+%D1%80%D0%B0%D0%B7%D0%BC%D0%B5%D1%89%D0%B5%D0%BD%D0%B8%D1%8F&pageNumber=1&sortDirection=false&recordsPerPage=_10&showLotsInfoHidden=false&sortBy=UPDATE_DATE&fz44=on&fz223=on&af=on&ca=on&pc=on&pa=on&currencyIdGeneral=-1>
{'date': 'Wed, 24 Apr 2024 18:56:45 +0000',
 'fz': '44-ФЗ Электронный аукцион',
 'organization_type': 'Заказчик',
 'p_object': 'Оказание услуг физической охраны помещений и территории ГБУЗ '
             'КККВД',
 'reg_num': '№ 0338200009124000022',
 'reg_num_href': 'https://zakupki.gov.ru/epz/order/notice/ea20/view/common-info.html?regNumber=0338200009124000022',
 'stage': 'Подача заявок'}
2024-04-24 21:56:45 [scrapy.core.scraper] DEBUG: Scraped from <200 https://zakupki.gov.ru/epz/order/extendedsearch/results.html?morphology=on&search-filter=%D0%94%D0%B0%D1%82%D0%B5+%D1%80%D0%B0%D0%B7%D0%BC%D0%B5%D1%89%D0%B5%D0%BD%D0%B8%D1%8F&pageNumber=1&sortDirection=false&recordsPerPage=_10&showLotsInfoHidden=false&sortBy=UPDATE_DATE&fz44=on&fz223=on&af=on&ca=on&pc=on&pa=on&currencyIdGeneral=-1>
{'date': 'Wed, 24 Apr 2024 18:56:45 +0000',
 'fz': '44-ФЗ Электронный аукцион',
 'organization_type': 'Заказчик',
 'p_object': 'На поставку лекарственного препарата Дулаглутид для медицинского '
             'применения в пользу граждан в целях их социального обеспечения',
 'reg_num': '№ 0338200013924000133',
 'reg_num_href': 'https://zakupki.gov.ru/epz/order/notice/ea20/view/common-info.html?regNumber=0338200013924000133',
 'stage': 'Подача заявок'}
2024-04-24 21:56:45 [scrapy.core.scraper] DEBUG: Scraped from <200 https://zakupki.gov.ru/epz/order/extendedsearch/results.html?morphology=on&search-filter=%D0%94%D0%B0%D1%82%D0%B5+%D1%80%D0%B0%D0%B7%D0%BC%D0%B5%D1%89%D0%B5%D0%BD%D0%B8%D1%8F&pageNumber=1&sortDirection=false&recordsPerPage=_10&showLotsInfoHidden=false&sortBy=UPDATE_DATE&fz44=on&fz223=on&af=on&ca=on&pc=on&pa=on&currencyIdGeneral=-1>
{'date': 'Wed, 24 Apr 2024 18:56:45 +0000',
 'fz': '44-ФЗ Электронный аукцион',
 'organization_type': 'Заказчик',
 'p_object': 'Поставка снегоболотохода на шинах сверхнизкого давления для нужд '
             'Анадырского районного суда Чукотского автономного округа',
 'reg_num': '№ 0188100003024000027',
 'reg_num_href': 'https://zakupki.gov.ru/epz/order/notice/ea20/view/common-info.html?regNumber=0188100003024000027',
 'stage': 'Подача заявок'}
2024-04-24 21:56:45 [scrapy.core.engine] INFO: Closing spider (finished)
2024-04-24 21:56:45 [scrapy.extensions.feedexport] INFO: Stored json feed (10 items) in: feed/zakupki-2024-04-24T18-56-44+00-00.items.json
2024-04-24 21:56:45 [scrapy.extensions.feedexport] INFO: Stored xml feed (10 items) in: feed/zakupki.items.xml
2024-04-24 21:56:45 [scrapy.extensions.feedexport] INFO: Stored csv feed (10 items) in: file:///home/dima/python/projects/scraping-tests/scraping-test1/SctapyProjects/zakupki/feed/zakupki.items.csv.gz
2024-04-24 21:56:45 [scrapy.statscollectors] INFO: Dumping Scrapy stats:
{'downloader/request_bytes': 1025,
 'downloader/request_count': 1,
 'downloader/request_method_count/GET': 1,
 'downloader/response_bytes': 42039,
 'downloader/response_count': 1,
 'downloader/response_status_count/200': 1,
 'elapsed_time_seconds': 0.157831,
 'feedexport/success_count/FileFeedStorage': 3,
 'finish_reason': 'finished',
 'finish_time': datetime.datetime(2024, 4, 24, 18, 56, 45, 121615, tzinfo=datetime.timezone.utc),
 'httpcache/hit': 1,
 'httpcompression/response_bytes': 364608,
 'httpcompression/response_count': 1,
 'item_scraped_count': 10,
 'log_count/DEBUG': 15,
 'log_count/INFO': 14,
 'memusage/max': 59736064,
 'memusage/startup': 59736064,
 'response_received_count': 1,
 'scheduler/dequeued': 1,
 'scheduler/dequeued/memory': 1,
 'scheduler/enqueued': 1,
 'scheduler/enqueued/memory': 1,
 'start_time': datetime.datetime(2024, 4, 24, 18, 56, 44, 963784, tzinfo=datetime.timezone.utc)}
2024-04-24 21:56:45 [scrapy.core.engine] INFO: Spider closed (finished)
2024-04-24 21:59:54 [scrapy.utils.log] INFO: Scrapy 2.11.1 started (bot: zakupki)
2024-04-24 21:59:54 [scrapy.utils.log] INFO: Versions: lxml 5.2.1.0, libxml2 2.12.6, cssselect 1.2.0, parsel 1.9.1, w3lib 2.1.2, Twisted 24.3.0, Python 3.8.10 (default, Nov 22 2023, 10:22:35) - [GCC 9.4.0], pyOpenSSL 24.1.0 (OpenSSL 3.2.1 30 Jan 2024), cryptography 42.0.5, Platform Linux-5.15.0-92-generic-x86_64-with-glibc2.29
2024-04-24 21:59:54 [scrapy.addons] INFO: Enabled addons:
[]
2024-04-24 21:59:54 [scrapy.extensions.telnet] INFO: Telnet Password: a6a6e1d296900a16
2024-04-24 21:59:54 [scrapy.middleware] INFO: Enabled extensions:
['scrapy.extensions.corestats.CoreStats',
 'scrapy.extensions.telnet.TelnetConsole',
 'scrapy.extensions.memusage.MemoryUsage',
 'scrapy.extensions.feedexport.FeedExporter',
 'scrapy.extensions.logstats.LogStats']
2024-04-24 21:59:54 [scrapy.crawler] INFO: Overridden settings:
{'BOT_NAME': 'zakupki',
 'CONCURRENT_REQUESTS_PER_DOMAIN': 1,
 'COOKIES_DEBUG': True,
 'DOWNLOAD_DELAY': 5,
 'HTTPCACHE_ENABLED': True,
 'LOG_FILE': '%(name)s-%(time)s.log',
 'LOG_LEVEL': 'INFO',
 'NEWSPIDER_MODULE': 'zakupki.spiders',
 'REQUEST_FINGERPRINTER_IMPLEMENTATION': '2.7',
 'SPIDER_MODULES': ['zakupki.spiders'],
 'TWISTED_REACTOR': 'twisted.internet.asyncioreactor.AsyncioSelectorReactor',
 'USER_AGENT': ('Mozilla/5.0 (Windows NT 10.0; Win64; x64) AppleWebKit/537.36 '
                '(KHTML, like Gecko) Chrome/120.0.0.0 Safari/537.36',)}
2024-04-24 21:59:55 [scrapy.middleware] INFO: Enabled downloader middlewares:
['scrapy.downloadermiddlewares.httpauth.HttpAuthMiddleware',
 'scrapy.downloadermiddlewares.downloadtimeout.DownloadTimeoutMiddleware',
 'scrapy.downloadermiddlewares.defaultheaders.DefaultHeadersMiddleware',
 'scrapy.downloadermiddlewares.useragent.UserAgentMiddleware',
 'scrapy.downloadermiddlewares.retry.RetryMiddleware',
 'scrapy.downloadermiddlewares.redirect.MetaRefreshMiddleware',
 'scrapy.downloadermiddlewares.httpcompression.HttpCompressionMiddleware',
 'scrapy.downloadermiddlewares.redirect.RedirectMiddleware',
 'scrapy.downloadermiddlewares.cookies.CookiesMiddleware',
 'zakupki.middlewares.ZakupkiProxyDownloaderMiddleware',
 'scrapy.downloadermiddlewares.httpproxy.HttpProxyMiddleware',
 'scrapy.downloadermiddlewares.stats.DownloaderStats',
 'scrapy.downloadermiddlewares.httpcache.HttpCacheMiddleware']
2024-04-24 21:59:55 [scrapy.middleware] INFO: Enabled spider middlewares:
['scrapy.spidermiddlewares.httperror.HttpErrorMiddleware',
 'scrapy.spidermiddlewares.offsite.OffsiteMiddleware',
 'zakupki.middlewares.ZakupkiSpiderMiddleware',
 'scrapy.spidermiddlewares.referer.RefererMiddleware',
 'scrapy.spidermiddlewares.urllength.UrlLengthMiddleware',
 'scrapy.spidermiddlewares.depth.DepthMiddleware']
2024-04-24 21:59:55 [scrapy.middleware] INFO: Enabled item pipelines:
['zakupki.pipelines.ZakupkiCleanValuePipeline']
2024-04-24 21:59:55 [scrapy.core.engine] INFO: Spider opened
2024-04-24 21:59:55 [scrapy.extensions.logstats] INFO: Crawled 0 pages (at 0 pages/min), scraped 0 items (at 0 items/min)
2024-04-24 21:59:55 [zakupki] INFO: Spider opened: zakupki
2024-04-24 21:59:55 [scrapy.extensions.telnet] INFO: Telnet console listening on 127.0.0.1:6023
2024-04-24 21:59:55 [scrapy.core.engine] INFO: Closing spider (finished)
2024-04-24 21:59:55 [scrapy.extensions.feedexport] INFO: Stored json feed (10 items) in: feed/zakupki-2024-04-24T18-59-55+00-00.items.json
2024-04-24 21:59:55 [scrapy.extensions.feedexport] INFO: Stored xml feed (10 items) in: feed/zakupki.items.xml
2024-04-24 21:59:55 [scrapy.extensions.feedexport] INFO: Stored csv feed (10 items) in: file:///home/dima/python/projects/scraping-tests/scraping-test1/SctapyProjects/zakupki/feed/zakupki.items.csv.gz
2024-04-24 21:59:55 [scrapy.statscollectors] INFO: Dumping Scrapy stats:
{'downloader/request_bytes': 1025,
 'downloader/request_count': 1,
 'downloader/request_method_count/GET': 1,
 'downloader/response_bytes': 42039,
 'downloader/response_count': 1,
 'downloader/response_status_count/200': 1,
 'elapsed_time_seconds': 0.127109,
 'feedexport/success_count/FileFeedStorage': 3,
 'finish_reason': 'finished',
 'finish_time': datetime.datetime(2024, 4, 24, 18, 59, 55, 177958, tzinfo=datetime.timezone.utc),
 'httpcache/hit': 1,
 'httpcompression/response_bytes': 364608,
 'httpcompression/response_count': 1,
 'item_scraped_count': 10,
 'log_count/INFO': 14,
 'memusage/max': 59756544,
 'memusage/startup': 59756544,
 'response_received_count': 1,
 'scheduler/dequeued': 1,
 'scheduler/dequeued/memory': 1,
 'scheduler/enqueued': 1,
 'scheduler/enqueued/memory': 1,
 'start_time': datetime.datetime(2024, 4, 24, 18, 59, 55, 50849, tzinfo=datetime.timezone.utc)}
2024-04-24 21:59:55 [scrapy.core.engine] INFO: Spider closed (finished)
2024-04-24 22:12:14 [scrapy.utils.log] INFO: Scrapy 2.11.1 started (bot: zakupki)
2024-04-24 22:12:14 [scrapy.utils.log] INFO: Versions: lxml 5.2.1.0, libxml2 2.12.6, cssselect 1.2.0, parsel 1.9.1, w3lib 2.1.2, Twisted 24.3.0, Python 3.8.10 (default, Nov 22 2023, 10:22:35) - [GCC 9.4.0], pyOpenSSL 24.1.0 (OpenSSL 3.2.1 30 Jan 2024), cryptography 42.0.5, Platform Linux-5.15.0-92-generic-x86_64-with-glibc2.29
2024-04-24 22:12:14 [scrapy.addons] INFO: Enabled addons:
[]
2024-04-24 22:12:14 [scrapy.extensions.telnet] INFO: Telnet Password: d9b8d96cdc12afe9
2024-04-24 22:12:14 [scrapy.middleware] INFO: Enabled extensions:
['scrapy.extensions.corestats.CoreStats',
 'scrapy.extensions.telnet.TelnetConsole',
 'scrapy.extensions.memusage.MemoryUsage',
 'scrapy.extensions.feedexport.FeedExporter',
 'scrapy.extensions.logstats.LogStats']
2024-04-24 22:12:14 [scrapy.crawler] INFO: Overridden settings:
{'BOT_NAME': 'zakupki',
 'CONCURRENT_REQUESTS_PER_DOMAIN': 1,
 'COOKIES_DEBUG': True,
 'DOWNLOAD_DELAY': 5,
 'HTTPCACHE_ENABLED': True,
 'LOG_FILE': '%(name)s-%(time)s.log',
 'LOG_LEVEL': 'INFO',
 'NEWSPIDER_MODULE': 'zakupki.spiders',
 'REQUEST_FINGERPRINTER_IMPLEMENTATION': '2.7',
 'SPIDER_MODULES': ['zakupki.spiders'],
 'TWISTED_REACTOR': 'twisted.internet.asyncioreactor.AsyncioSelectorReactor',
 'USER_AGENT': ('Mozilla/5.0 (Windows NT 10.0; Win64; x64) AppleWebKit/537.36 '
                '(KHTML, like Gecko) Chrome/120.0.0.0 Safari/537.36',)}
2024-04-24 22:12:14 [scrapy.middleware] INFO: Enabled downloader middlewares:
['scrapy.downloadermiddlewares.httpauth.HttpAuthMiddleware',
 'scrapy.downloadermiddlewares.downloadtimeout.DownloadTimeoutMiddleware',
 'scrapy.downloadermiddlewares.defaultheaders.DefaultHeadersMiddleware',
 'scrapy.downloadermiddlewares.useragent.UserAgentMiddleware',
 'scrapy.downloadermiddlewares.retry.RetryMiddleware',
 'scrapy.downloadermiddlewares.redirect.MetaRefreshMiddleware',
 'scrapy.downloadermiddlewares.httpcompression.HttpCompressionMiddleware',
 'scrapy.downloadermiddlewares.redirect.RedirectMiddleware',
 'scrapy.downloadermiddlewares.cookies.CookiesMiddleware',
 'zakupki.middlewares.ZakupkiProxyDownloaderMiddleware',
 'scrapy.downloadermiddlewares.httpproxy.HttpProxyMiddleware',
 'scrapy.downloadermiddlewares.stats.DownloaderStats',
 'scrapy.downloadermiddlewares.httpcache.HttpCacheMiddleware']
2024-04-24 22:12:14 [scrapy.middleware] INFO: Enabled spider middlewares:
['scrapy.spidermiddlewares.httperror.HttpErrorMiddleware',
 'scrapy.spidermiddlewares.offsite.OffsiteMiddleware',
 'zakupki.middlewares.ZakupkiSpiderMiddleware',
 'scrapy.spidermiddlewares.referer.RefererMiddleware',
 'scrapy.spidermiddlewares.urllength.UrlLengthMiddleware',
 'scrapy.spidermiddlewares.depth.DepthMiddleware']
2024-04-24 22:12:14 [scrapy.middleware] INFO: Enabled item pipelines:
['zakupki.pipelines.ZakupkiCleanValuePipeline']
2024-04-24 22:12:14 [scrapy.core.engine] INFO: Spider opened
2024-04-24 22:12:14 [scrapy.extensions.logstats] INFO: Crawled 0 pages (at 0 pages/min), scraped 0 items (at 0 items/min)
2024-04-24 22:12:14 [zakupki] INFO: Spider opened: zakupki
2024-04-24 22:12:14 [scrapy.extensions.telnet] INFO: Telnet console listening on 127.0.0.1:6023
2024-04-24 22:12:14 [scrapy.core.engine] INFO: Closing spider (finished)
2024-04-24 22:12:14 [scrapy.extensions.feedexport] INFO: Stored json feed (10 items) in: feed/zakupki-2024-04-24T19-12-14+00-00.items.json
2024-04-24 22:12:14 [scrapy.extensions.feedexport] INFO: Stored xml feed (10 items) in: feed/zakupki.items.xml
2024-04-24 22:12:14 [scrapy.extensions.feedexport] INFO: Stored csv feed (10 items) in: file:///home/dima/python/projects/scraping-tests/scraping-test1/SctapyProjects/zakupki/feed/zakupki.items.csv.gz
2024-04-24 22:12:14 [scrapy.statscollectors] INFO: Dumping Scrapy stats:
{'downloader/request_bytes': 1025,
 'downloader/request_count': 1,
 'downloader/request_method_count/GET': 1,
 'downloader/response_bytes': 42039,
 'downloader/response_count': 1,
 'downloader/response_status_count/200': 1,
 'elapsed_time_seconds': 0.157136,
 'feedexport/success_count/FileFeedStorage': 3,
 'finish_reason': 'finished',
 'finish_time': datetime.datetime(2024, 4, 24, 19, 12, 14, 846407, tzinfo=datetime.timezone.utc),
 'httpcache/hit': 1,
 'httpcompression/response_bytes': 364608,
 'httpcompression/response_count': 1,
 'item_scraped_count': 10,
 'log_count/INFO': 14,
 'memusage/max': 59256832,
 'memusage/startup': 59256832,
 'response_received_count': 1,
 'scheduler/dequeued': 1,
 'scheduler/dequeued/memory': 1,
 'scheduler/enqueued': 1,
 'scheduler/enqueued/memory': 1,
 'start_time': datetime.datetime(2024, 4, 24, 19, 12, 14, 689271, tzinfo=datetime.timezone.utc)}
2024-04-24 22:12:14 [scrapy.core.engine] INFO: Spider closed (finished)
